[2025-06-23 11:00:09] production.ERROR: file_put_contents(/www/wwwroot/pklsm3k/4_web_technologies/storage/framework/sessions/Cld9fBkdoGwjAxipiEDH9zCei3ElRoTjoMvYzHrS): Failed to open stream: No such file or directory {"exception":"[object] (ErrorException(code: 0): file_put_contents(/www/wwwroot/pklsm3k/4_web_technologies/storage/framework/sessions/Cld9fBkdoGwjAxipiEDH9zCei3ElRoTjoMvYzHrS): Failed to open stream: No such file or directory at /www/wwwroot/pklsm3k/vendor/laravel/framework/src/Illuminate/Filesystem/Filesystem.php:190)
[stacktrace]
#0 /www/wwwroot/pklsm3k/vendor/laravel/framework/src/Illuminate/Foundation/Bootstrap/HandleExceptions.php(270): Illuminate\\Foundation\\Bootstrap\\HandleExceptions->handleError()
#1 [internal function]: Illuminate\\Foundation\\Bootstrap\\HandleExceptions->Illuminate\\Foundation\\Bootstrap\\{closure}()
#2 /www/wwwroot/pklsm3k/vendor/laravel/framework/src/Illuminate/Filesystem/Filesystem.php(190): file_put_contents()
#3 /www/wwwroot/pklsm3k/vendor/laravel/framework/src/Illuminate/Session/FileSessionHandler.php(90): Illuminate\\Filesystem\\Filesystem->put()
#4 /www/wwwroot/pklsm3k/vendor/laravel/framework/src/Illuminate/Session/Store.php(172): Illuminate\\Session\\FileSessionHandler->write()
#5 /www/wwwroot/pklsm3k/vendor/laravel/framework/src/Illuminate/Session/Middleware/StartSession.php(238): Illuminate\\Session\\Store->save()
#6 /www/wwwroot/pklsm3k/vendor/laravel/framework/src/Illuminate/Session/Middleware/StartSession.php(130): Illuminate\\Session\\Middleware\\StartSession->saveSession()
#7 /www/wwwroot/pklsm3k/vendor/laravel/framework/src/Illuminate/Session/Middleware/StartSession.php(64): Illuminate\\Session\\Middleware\\StartSession->handleStatefulRequest()
#8 /www/wwwroot/pklsm3k/vendor/laravel/framework/src/Illuminate/Pipeline/Pipeline.php(180): Illuminate\\Session\\Middleware\\StartSession->handle()
#9 /www/wwwroot/pklsm3k/vendor/laravel/framework/src/Illuminate/Cookie/Middleware/AddQueuedCookiesToResponse.php(37): Illuminate\\Pipeline\\Pipeline->Illuminate\\Pipeline\\{closure}()
#10 /www/wwwroot/pklsm3k/vendor/laravel/framework/src/Illuminate/Pipeline/Pipeline.php(180): Illuminate\\Cookie\\Middleware\\AddQueuedCookiesToResponse->handle()
#11 /www/wwwroot/pklsm3k/vendor/laravel/framework/src/Illuminate/Cookie/Middleware/EncryptCookies.php(67): Illuminate\\Pipeline\\Pipeline->Illuminate\\Pipeline\\{closure}()
#12 /www/wwwroot/pklsm3k/vendor/laravel/framework/src/Illuminate/Pipeline/Pipeline.php(180): Illuminate\\Cookie\\Middleware\\EncryptCookies->handle()
#13 /www/wwwroot/pklsm3k/vendor/laravel/framework/src/Illuminate/Pipeline/Pipeline.php(116): Illuminate\\Pipeline\\Pipeline->Illuminate\\Pipeline\\{closure}()
#14 /www/wwwroot/pklsm3k/vendor/laravel/framework/src/Illuminate/Routing/Router.php(797): Illuminate\\Pipeline\\Pipeline->then()
#15 /www/wwwroot/pklsm3k/vendor/laravel/framework/src/Illuminate/Routing/Router.php(776): Illuminate\\Routing\\Router->runRouteWithinStack()
#16 /www/wwwroot/pklsm3k/vendor/laravel/framework/src/Illuminate/Routing/Router.php(740): Illuminate\\Routing\\Router->runRoute()
#17 /www/wwwroot/pklsm3k/vendor/laravel/framework/src/Illuminate/Routing/Router.php(729): Illuminate\\Routing\\Router->dispatchToRoute()
#18 /www/wwwroot/pklsm3k/vendor/laravel/framework/src/Illuminate/Foundation/Http/Kernel.php(190): Illuminate\\Routing\\Router->dispatch()
#19 /www/wwwroot/pklsm3k/vendor/laravel/framework/src/Illuminate/Pipeline/Pipeline.php(141): Illuminate\\Foundation\\Http\\Kernel->Illuminate\\Foundation\\Http\\{closure}()
#20 /www/wwwroot/pklsm3k/vendor/litespeed/lscache-laravel/src/LSCacheMiddleware.php(21): Illuminate\\Pipeline\\Pipeline->Illuminate\\Pipeline\\{closure}()
#21 /www/wwwroot/pklsm3k/vendor/laravel/framework/src/Illuminate/Pipeline/Pipeline.php(180): Litespeed\\LSCache\\LSCacheMiddleware->handle()
#22 /www/wwwroot/pklsm3k/vendor/laravel/framework/src/Illuminate/Foundation/Http/Middleware/TransformsRequest.php(21): Illuminate\\Pipeline\\Pipeline->Illuminate\\Pipeline\\{closure}()
#23 /www/wwwroot/pklsm3k/vendor/laravel/framework/src/Illuminate/Foundation/Http/Middleware/ConvertEmptyStringsToNull.php(31): Illuminate\\Foundation\\Http\\Middleware\\TransformsRequest->handle()
#24 /www/wwwroot/pklsm3k/vendor/laravel/framework/src/Illuminate/Pipeline/Pipeline.php(180): Illuminate\\Foundation\\Http\\Middleware\\ConvertEmptyStringsToNull->handle()
#25 /www/wwwroot/pklsm3k/vendor/laravel/framework/src/Illuminate/Foundation/Http/Middleware/TransformsRequest.php(21): Illuminate\\Pipeline\\Pipeline->Illuminate\\Pipeline\\{closure}()
#26 /www/wwwroot/pklsm3k/vendor/laravel/framework/src/Illuminate/Foundation/Http/Middleware/TrimStrings.php(40): Illuminate\\Foundation\\Http\\Middleware\\TransformsRequest->handle()
#27 /www/wwwroot/pklsm3k/vendor/laravel/framework/src/Illuminate/Pipeline/Pipeline.php(180): Illuminate\\Foundation\\Http\\Middleware\\TrimStrings->handle()
#28 /www/wwwroot/pklsm3k/vendor/laravel/framework/src/Illuminate/Foundation/Http/Middleware/ValidatePostSize.php(27): Illuminate\\Pipeline\\Pipeline->Illuminate\\Pipeline\\{closure}()
#29 /www/wwwroot/pklsm3k/vendor/laravel/framework/src/Illuminate/Pipeline/Pipeline.php(180): Illuminate\\Foundation\\Http\\Middleware\\ValidatePostSize->handle()
#30 /www/wwwroot/pklsm3k/vendor/laravel/framework/src/Illuminate/Foundation/Http/Middleware/PreventRequestsDuringMaintenance.php(86): Illuminate\\Pipeline\\Pipeline->Illuminate\\Pipeline\\{closure}()
#31 /www/wwwroot/pklsm3k/vendor/laravel/framework/src/Illuminate/Pipeline/Pipeline.php(180): Illuminate\\Foundation\\Http\\Middleware\\PreventRequestsDuringMaintenance->handle()
#32 /www/wwwroot/pklsm3k/vendor/laravel/framework/src/Illuminate/Http/Middleware/HandleCors.php(49): Illuminate\\Pipeline\\Pipeline->Illuminate\\Pipeline\\{closure}()
#33 /www/wwwroot/pklsm3k/vendor/laravel/framework/src/Illuminate/Pipeline/Pipeline.php(180): Illuminate\\Http\\Middleware\\HandleCors->handle()
#34 /www/wwwroot/pklsm3k/vendor/laravel/framework/src/Illuminate/Http/Middleware/TrustProxies.php(39): Illuminate\\Pipeline\\Pipeline->Illuminate\\Pipeline\\{closure}()
#35 /www/wwwroot/pklsm3k/vendor/laravel/framework/src/Illuminate/Pipeline/Pipeline.php(180): Illuminate\\Http\\Middleware\\TrustProxies->handle()
#36 /www/wwwroot/pklsm3k/vendor/laravel/framework/src/Illuminate/Pipeline/Pipeline.php(116): Illuminate\\Pipeline\\Pipeline->Illuminate\\Pipeline\\{closure}()
#37 /www/wwwroot/pklsm3k/vendor/laravel/framework/src/Illuminate/Foundation/Http/Kernel.php(165): Illuminate\\Pipeline\\Pipeline->then()
#38 /www/wwwroot/pklsm3k/vendor/laravel/framework/src/Illuminate/Foundation/Http/Kernel.php(134): Illuminate\\Foundation\\Http\\Kernel->sendRequestThroughRouter()
#39 /www/wwwroot/pklsm3k/public/index.php(51): Illuminate\\Foundation\\Http\\Kernel->handle()
#40 {main}
"} 
[2025-06-23 11:00:35] production.ERROR: SQLSTATE[42S01]: Base table or view already exists: 1050 Table 'tb_pkl' already exists (SQL: create table `tb_pkl` (`id` bigint unsigned not null auto_increment primary key, `nama_pkl` varchar(255) not null, `alamat_pkl` varchar(255) not null, `quota_pkl` varchar(255) not null, `Status` varchar(255) not null, `created_at` timestamp null, `updated_at` timestamp null) default character set utf8mb4 collate 'utf8mb4_unicode_ci') {"exception":"[object] (Illuminate\\Database\\QueryException(code: 42S01): SQLSTATE[42S01]: Base table or view already exists: 1050 Table 'tb_pkl' already exists (SQL: create table `tb_pkl` (`id` bigint unsigned not null auto_increment primary key, `nama_pkl` varchar(255) not null, `alamat_pkl` varchar(255) not null, `quota_pkl` varchar(255) not null, `Status` varchar(255) not null, `created_at` timestamp null, `updated_at` timestamp null) default character set utf8mb4 collate 'utf8mb4_unicode_ci') at /www/wwwroot/pklsm3k/vendor/laravel/framework/src/Illuminate/Database/Connection.php:760)
[stacktrace]
#0 /www/wwwroot/pklsm3k/vendor/laravel/framework/src/Illuminate/Database/Connection.php(720): Illuminate\\Database\\Connection->runQueryCallback()
#1 /www/wwwroot/pklsm3k/vendor/laravel/framework/src/Illuminate/Database/Connection.php(534): Illuminate\\Database\\Connection->run()
#2 /www/wwwroot/pklsm3k/vendor/laravel/framework/src/Illuminate/Database/Schema/Blueprint.php(109): Illuminate\\Database\\Connection->statement()
#3 /www/wwwroot/pklsm3k/vendor/laravel/framework/src/Illuminate/Database/Schema/Builder.php(439): Illuminate\\Database\\Schema\\Blueprint->build()
#4 /www/wwwroot/pklsm3k/vendor/laravel/framework/src/Illuminate/Database/Schema/Builder.php(281): Illuminate\\Database\\Schema\\Builder->build()
#5 /www/wwwroot/pklsm3k/vendor/laravel/framework/src/Illuminate/Support/Facades/Facade.php(338): Illuminate\\Database\\Schema\\Builder->create()
#6 /www/wwwroot/pklsm3k/database/migrations/2024_03_02_062118_sspkl copy 2.php(16): Illuminate\\Support\\Facades\\Facade::__callStatic()
#7 /www/wwwroot/pklsm3k/vendor/laravel/framework/src/Illuminate/Database/Migrations/Migrator.php(488): Illuminate\\Database\\Migrations\\Migration@anonymous->up()
#8 /www/wwwroot/pklsm3k/vendor/laravel/framework/src/Illuminate/Database/Migrations/Migrator.php(406): Illuminate\\Database\\Migrations\\Migrator->runMethod()
#9 /www/wwwroot/pklsm3k/vendor/laravel/framework/src/Illuminate/Database/Migrations/Migrator.php(415): Illuminate\\Database\\Migrations\\Migrator->Illuminate\\Database\\Migrations\\{closure}()
#10 /www/wwwroot/pklsm3k/vendor/laravel/framework/src/Illuminate/Database/Migrations/Migrator.php(216): Illuminate\\Database\\Migrations\\Migrator->runMigration()
#11 /www/wwwroot/pklsm3k/vendor/laravel/framework/src/Illuminate/Console/View/Components/Task.php(37): Illuminate\\Database\\Migrations\\Migrator->Illuminate\\Database\\Migrations\\{closure}()
#12 /www/wwwroot/pklsm3k/vendor/laravel/framework/src/Illuminate/Database/Migrations/Migrator.php(751): Illuminate\\Console\\View\\Components\\Task->render()
#13 /www/wwwroot/pklsm3k/vendor/laravel/framework/src/Illuminate/Database/Migrations/Migrator.php(216): Illuminate\\Database\\Migrations\\Migrator->write()
#14 /www/wwwroot/pklsm3k/vendor/laravel/framework/src/Illuminate/Database/Migrations/Migrator.php(181): Illuminate\\Database\\Migrations\\Migrator->runUp()
#15 /www/wwwroot/pklsm3k/vendor/laravel/framework/src/Illuminate/Database/Migrations/Migrator.php(124): Illuminate\\Database\\Migrations\\Migrator->runPending()
#16 /www/wwwroot/pklsm3k/vendor/laravel/framework/src/Illuminate/Database/Console/Migrations/MigrateCommand.php(88): Illuminate\\Database\\Migrations\\Migrator->run()
#17 /www/wwwroot/pklsm3k/vendor/laravel/framework/src/Illuminate/Database/Migrations/Migrator.php(628): Illuminate\\Database\\Console\\Migrations\\MigrateCommand->Illuminate\\Database\\Console\\Migrations\\{closure}()
#18 /www/wwwroot/pklsm3k/vendor/laravel/framework/src/Illuminate/Database/Console/Migrations/MigrateCommand.php(81): Illuminate\\Database\\Migrations\\Migrator->usingConnection()
#19 /www/wwwroot/pklsm3k/vendor/laravel/framework/src/Illuminate/Container/BoundMethod.php(36): Illuminate\\Database\\Console\\Migrations\\MigrateCommand->handle()
#20 /www/wwwroot/pklsm3k/vendor/laravel/framework/src/Illuminate/Container/Util.php(41): Illuminate\\Container\\BoundMethod::Illuminate\\Container\\{closure}()
#21 /www/wwwroot/pklsm3k/vendor/laravel/framework/src/Illuminate/Container/BoundMethod.php(93): Illuminate\\Container\\Util::unwrapIfClosure()
#22 /www/wwwroot/pklsm3k/vendor/laravel/framework/src/Illuminate/Container/BoundMethod.php(35): Illuminate\\Container\\BoundMethod::callBoundMethod()
#23 /www/wwwroot/pklsm3k/vendor/laravel/framework/src/Illuminate/Container/Container.php(661): Illuminate\\Container\\BoundMethod::call()
#24 /www/wwwroot/pklsm3k/vendor/laravel/framework/src/Illuminate/Console/Command.php(183): Illuminate\\Container\\Container->call()
#25 /www/wwwroot/pklsm3k/vendor/symfony/console/Command/Command.php(291): Illuminate\\Console\\Command->execute()
#26 /www/wwwroot/pklsm3k/vendor/laravel/framework/src/Illuminate/Console/Command.php(152): Symfony\\Component\\Console\\Command\\Command->run()
#27 /www/wwwroot/pklsm3k/vendor/symfony/console/Application.php(1014): Illuminate\\Console\\Command->run()
#28 /www/wwwroot/pklsm3k/vendor/symfony/console/Application.php(301): Symfony\\Component\\Console\\Application->doRunCommand()
#29 /www/wwwroot/pklsm3k/vendor/symfony/console/Application.php(171): Symfony\\Component\\Console\\Application->doRun()
#30 /www/wwwroot/pklsm3k/vendor/laravel/framework/src/Illuminate/Console/Application.php(102): Symfony\\Component\\Console\\Application->run()
#31 /www/wwwroot/pklsm3k/vendor/laravel/framework/src/Illuminate/Foundation/Console/Kernel.php(155): Illuminate\\Console\\Application->run()
#32 /www/wwwroot/pklsm3k/artisan(35): Illuminate\\Foundation\\Console\\Kernel->handle()
#33 {main}

[previous exception] [object] (PDOException(code: 42S01): SQLSTATE[42S01]: Base table or view already exists: 1050 Table 'tb_pkl' already exists at /www/wwwroot/pklsm3k/vendor/laravel/framework/src/Illuminate/Database/Connection.php:545)
[stacktrace]
#0 /www/wwwroot/pklsm3k/vendor/laravel/framework/src/Illuminate/Database/Connection.php(545): PDOStatement->execute()
#1 /www/wwwroot/pklsm3k/vendor/laravel/framework/src/Illuminate/Database/Connection.php(753): Illuminate\\Database\\Connection->Illuminate\\Database\\{closure}()
#2 /www/wwwroot/pklsm3k/vendor/laravel/framework/src/Illuminate/Database/Connection.php(720): Illuminate\\Database\\Connection->runQueryCallback()
#3 /www/wwwroot/pklsm3k/vendor/laravel/framework/src/Illuminate/Database/Connection.php(534): Illuminate\\Database\\Connection->run()
#4 /www/wwwroot/pklsm3k/vendor/laravel/framework/src/Illuminate/Database/Schema/Blueprint.php(109): Illuminate\\Database\\Connection->statement()
#5 /www/wwwroot/pklsm3k/vendor/laravel/framework/src/Illuminate/Database/Schema/Builder.php(439): Illuminate\\Database\\Schema\\Blueprint->build()
#6 /www/wwwroot/pklsm3k/vendor/laravel/framework/src/Illuminate/Database/Schema/Builder.php(281): Illuminate\\Database\\Schema\\Builder->build()
#7 /www/wwwroot/pklsm3k/vendor/laravel/framework/src/Illuminate/Support/Facades/Facade.php(338): Illuminate\\Database\\Schema\\Builder->create()
#8 /www/wwwroot/pklsm3k/database/migrations/2024_03_02_062118_sspkl copy 2.php(16): Illuminate\\Support\\Facades\\Facade::__callStatic()
#9 /www/wwwroot/pklsm3k/vendor/laravel/framework/src/Illuminate/Database/Migrations/Migrator.php(488): Illuminate\\Database\\Migrations\\Migration@anonymous->up()
#10 /www/wwwroot/pklsm3k/vendor/laravel/framework/src/Illuminate/Database/Migrations/Migrator.php(406): Illuminate\\Database\\Migrations\\Migrator->runMethod()
#11 /www/wwwroot/pklsm3k/vendor/laravel/framework/src/Illuminate/Database/Migrations/Migrator.php(415): Illuminate\\Database\\Migrations\\Migrator->Illuminate\\Database\\Migrations\\{closure}()
#12 /www/wwwroot/pklsm3k/vendor/laravel/framework/src/Illuminate/Database/Migrations/Migrator.php(216): Illuminate\\Database\\Migrations\\Migrator->runMigration()
#13 /www/wwwroot/pklsm3k/vendor/laravel/framework/src/Illuminate/Console/View/Components/Task.php(37): Illuminate\\Database\\Migrations\\Migrator->Illuminate\\Database\\Migrations\\{closure}()
#14 /www/wwwroot/pklsm3k/vendor/laravel/framework/src/Illuminate/Database/Migrations/Migrator.php(751): Illuminate\\Console\\View\\Components\\Task->render()
#15 /www/wwwroot/pklsm3k/vendor/laravel/framework/src/Illuminate/Database/Migrations/Migrator.php(216): Illuminate\\Database\\Migrations\\Migrator->write()
#16 /www/wwwroot/pklsm3k/vendor/laravel/framework/src/Illuminate/Database/Migrations/Migrator.php(181): Illuminate\\Database\\Migrations\\Migrator->runUp()
#17 /www/wwwroot/pklsm3k/vendor/laravel/framework/src/Illuminate/Database/Migrations/Migrator.php(124): Illuminate\\Database\\Migrations\\Migrator->runPending()
#18 /www/wwwroot/pklsm3k/vendor/laravel/framework/src/Illuminate/Database/Console/Migrations/MigrateCommand.php(88): Illuminate\\Database\\Migrations\\Migrator->run()
#19 /www/wwwroot/pklsm3k/vendor/laravel/framework/src/Illuminate/Database/Migrations/Migrator.php(628): Illuminate\\Database\\Console\\Migrations\\MigrateCommand->Illuminate\\Database\\Console\\Migrations\\{closure}()
#20 /www/wwwroot/pklsm3k/vendor/laravel/framework/src/Illuminate/Database/Console/Migrations/MigrateCommand.php(81): Illuminate\\Database\\Migrations\\Migrator->usingConnection()
#21 /www/wwwroot/pklsm3k/vendor/laravel/framework/src/Illuminate/Container/BoundMethod.php(36): Illuminate\\Database\\Console\\Migrations\\MigrateCommand->handle()
#22 /www/wwwroot/pklsm3k/vendor/laravel/framework/src/Illuminate/Container/Util.php(41): Illuminate\\Container\\BoundMethod::Illuminate\\Container\\{closure}()
#23 /www/wwwroot/pklsm3k/vendor/laravel/framework/src/Illuminate/Container/BoundMethod.php(93): Illuminate\\Container\\Util::unwrapIfClosure()
#24 /www/wwwroot/pklsm3k/vendor/laravel/framework/src/Illuminate/Container/BoundMethod.php(35): Illuminate\\Container\\BoundMethod::callBoundMethod()
#25 /www/wwwroot/pklsm3k/vendor/laravel/framework/src/Illuminate/Container/Container.php(661): Illuminate\\Container\\BoundMethod::call()
#26 /www/wwwroot/pklsm3k/vendor/laravel/framework/src/Illuminate/Console/Command.php(183): Illuminate\\Container\\Container->call()
#27 /www/wwwroot/pklsm3k/vendor/symfony/console/Command/Command.php(291): Illuminate\\Console\\Command->execute()
#28 /www/wwwroot/pklsm3k/vendor/laravel/framework/src/Illuminate/Console/Command.php(152): Symfony\\Component\\Console\\Command\\Command->run()
#29 /www/wwwroot/pklsm3k/vendor/symfony/console/Application.php(1014): Illuminate\\Console\\Command->run()
#30 /www/wwwroot/pklsm3k/vendor/symfony/console/Application.php(301): Symfony\\Component\\Console\\Application->doRunCommand()
#31 /www/wwwroot/pklsm3k/vendor/symfony/console/Application.php(171): Symfony\\Component\\Console\\Application->doRun()
#32 /www/wwwroot/pklsm3k/vendor/laravel/framework/src/Illuminate/Console/Application.php(102): Symfony\\Component\\Console\\Application->run()
#33 /www/wwwroot/pklsm3k/vendor/laravel/framework/src/Illuminate/Foundation/Console/Kernel.php(155): Illuminate\\Console\\Application->run()
#34 /www/wwwroot/pklsm3k/artisan(35): Illuminate\\Foundation\\Console\\Kernel->handle()
#35 {main}
"} 
[2025-06-23 11:12:52] production.ERROR: SQLSTATE[42S01]: Base table or view already exists: 1050 Table 'tb_pkl' already exists (SQL: create table `tb_pkl` (`id` bigint unsigned not null auto_increment primary key, `nama_pkl` varchar(255) not null, `alamat_pkl` varchar(255) not null, `quota_pkl` varchar(255) not null, `Status` varchar(255) not null, `created_at` timestamp null, `updated_at` timestamp null) default character set utf8mb4 collate 'utf8mb4_unicode_ci') {"exception":"[object] (Illuminate\\Database\\QueryException(code: 42S01): SQLSTATE[42S01]: Base table or view already exists: 1050 Table 'tb_pkl' already exists (SQL: create table `tb_pkl` (`id` bigint unsigned not null auto_increment primary key, `nama_pkl` varchar(255) not null, `alamat_pkl` varchar(255) not null, `quota_pkl` varchar(255) not null, `Status` varchar(255) not null, `created_at` timestamp null, `updated_at` timestamp null) default character set utf8mb4 collate 'utf8mb4_unicode_ci') at /www/wwwroot/pklsm3k/vendor/laravel/framework/src/Illuminate/Database/Connection.php:760)
[stacktrace]
#0 /www/wwwroot/pklsm3k/vendor/laravel/framework/src/Illuminate/Database/Connection.php(720): Illuminate\\Database\\Connection->runQueryCallback()
#1 /www/wwwroot/pklsm3k/vendor/laravel/framework/src/Illuminate/Database/Connection.php(534): Illuminate\\Database\\Connection->run()
#2 /www/wwwroot/pklsm3k/vendor/laravel/framework/src/Illuminate/Database/Schema/Blueprint.php(109): Illuminate\\Database\\Connection->statement()
#3 /www/wwwroot/pklsm3k/vendor/laravel/framework/src/Illuminate/Database/Schema/Builder.php(439): Illuminate\\Database\\Schema\\Blueprint->build()
#4 /www/wwwroot/pklsm3k/vendor/laravel/framework/src/Illuminate/Database/Schema/Builder.php(281): Illuminate\\Database\\Schema\\Builder->build()
#5 /www/wwwroot/pklsm3k/vendor/laravel/framework/src/Illuminate/Support/Facades/Facade.php(338): Illuminate\\Database\\Schema\\Builder->create()
#6 /www/wwwroot/pklsm3k/database/migrations/2024_03_02_062118_sspkl copy 2.php(16): Illuminate\\Support\\Facades\\Facade::__callStatic()
#7 /www/wwwroot/pklsm3k/vendor/laravel/framework/src/Illuminate/Database/Migrations/Migrator.php(488): Illuminate\\Database\\Migrations\\Migration@anonymous->up()
#8 /www/wwwroot/pklsm3k/vendor/laravel/framework/src/Illuminate/Database/Migrations/Migrator.php(406): Illuminate\\Database\\Migrations\\Migrator->runMethod()
#9 /www/wwwroot/pklsm3k/vendor/laravel/framework/src/Illuminate/Database/Migrations/Migrator.php(415): Illuminate\\Database\\Migrations\\Migrator->Illuminate\\Database\\Migrations\\{closure}()
#10 /www/wwwroot/pklsm3k/vendor/laravel/framework/src/Illuminate/Database/Migrations/Migrator.php(216): Illuminate\\Database\\Migrations\\Migrator->runMigration()
#11 /www/wwwroot/pklsm3k/vendor/laravel/framework/src/Illuminate/Console/View/Components/Task.php(37): Illuminate\\Database\\Migrations\\Migrator->Illuminate\\Database\\Migrations\\{closure}()
#12 /www/wwwroot/pklsm3k/vendor/laravel/framework/src/Illuminate/Database/Migrations/Migrator.php(751): Illuminate\\Console\\View\\Components\\Task->render()
#13 /www/wwwroot/pklsm3k/vendor/laravel/framework/src/Illuminate/Database/Migrations/Migrator.php(216): Illuminate\\Database\\Migrations\\Migrator->write()
#14 /www/wwwroot/pklsm3k/vendor/laravel/framework/src/Illuminate/Database/Migrations/Migrator.php(181): Illuminate\\Database\\Migrations\\Migrator->runUp()
#15 /www/wwwroot/pklsm3k/vendor/laravel/framework/src/Illuminate/Database/Migrations/Migrator.php(124): Illuminate\\Database\\Migrations\\Migrator->runPending()
#16 /www/wwwroot/pklsm3k/vendor/laravel/framework/src/Illuminate/Database/Console/Migrations/MigrateCommand.php(88): Illuminate\\Database\\Migrations\\Migrator->run()
#17 /www/wwwroot/pklsm3k/vendor/laravel/framework/src/Illuminate/Database/Migrations/Migrator.php(628): Illuminate\\Database\\Console\\Migrations\\MigrateCommand->Illuminate\\Database\\Console\\Migrations\\{closure}()
#18 /www/wwwroot/pklsm3k/vendor/laravel/framework/src/Illuminate/Database/Console/Migrations/MigrateCommand.php(81): Illuminate\\Database\\Migrations\\Migrator->usingConnection()
#19 /www/wwwroot/pklsm3k/vendor/laravel/framework/src/Illuminate/Container/BoundMethod.php(36): Illuminate\\Database\\Console\\Migrations\\MigrateCommand->handle()
#20 /www/wwwroot/pklsm3k/vendor/laravel/framework/src/Illuminate/Container/Util.php(41): Illuminate\\Container\\BoundMethod::Illuminate\\Container\\{closure}()
#21 /www/wwwroot/pklsm3k/vendor/laravel/framework/src/Illuminate/Container/BoundMethod.php(93): Illuminate\\Container\\Util::unwrapIfClosure()
#22 /www/wwwroot/pklsm3k/vendor/laravel/framework/src/Illuminate/Container/BoundMethod.php(35): Illuminate\\Container\\BoundMethod::callBoundMethod()
#23 /www/wwwroot/pklsm3k/vendor/laravel/framework/src/Illuminate/Container/Container.php(661): Illuminate\\Container\\BoundMethod::call()
#24 /www/wwwroot/pklsm3k/vendor/laravel/framework/src/Illuminate/Console/Command.php(183): Illuminate\\Container\\Container->call()
#25 /www/wwwroot/pklsm3k/vendor/symfony/console/Command/Command.php(291): Illuminate\\Console\\Command->execute()
#26 /www/wwwroot/pklsm3k/vendor/laravel/framework/src/Illuminate/Console/Command.php(152): Symfony\\Component\\Console\\Command\\Command->run()
#27 /www/wwwroot/pklsm3k/vendor/symfony/console/Application.php(1014): Illuminate\\Console\\Command->run()
#28 /www/wwwroot/pklsm3k/vendor/symfony/console/Application.php(301): Symfony\\Component\\Console\\Application->doRunCommand()
#29 /www/wwwroot/pklsm3k/vendor/symfony/console/Application.php(171): Symfony\\Component\\Console\\Application->doRun()
#30 /www/wwwroot/pklsm3k/vendor/laravel/framework/src/Illuminate/Console/Application.php(102): Symfony\\Component\\Console\\Application->run()
#31 /www/wwwroot/pklsm3k/vendor/laravel/framework/src/Illuminate/Foundation/Console/Kernel.php(155): Illuminate\\Console\\Application->run()
#32 /www/wwwroot/pklsm3k/artisan(35): Illuminate\\Foundation\\Console\\Kernel->handle()
#33 {main}

[previous exception] [object] (PDOException(code: 42S01): SQLSTATE[42S01]: Base table or view already exists: 1050 Table 'tb_pkl' already exists at /www/wwwroot/pklsm3k/vendor/laravel/framework/src/Illuminate/Database/Connection.php:545)
[stacktrace]
#0 /www/wwwroot/pklsm3k/vendor/laravel/framework/src/Illuminate/Database/Connection.php(545): PDOStatement->execute()
#1 /www/wwwroot/pklsm3k/vendor/laravel/framework/src/Illuminate/Database/Connection.php(753): Illuminate\\Database\\Connection->Illuminate\\Database\\{closure}()
#2 /www/wwwroot/pklsm3k/vendor/laravel/framework/src/Illuminate/Database/Connection.php(720): Illuminate\\Database\\Connection->runQueryCallback()
#3 /www/wwwroot/pklsm3k/vendor/laravel/framework/src/Illuminate/Database/Connection.php(534): Illuminate\\Database\\Connection->run()
#4 /www/wwwroot/pklsm3k/vendor/laravel/framework/src/Illuminate/Database/Schema/Blueprint.php(109): Illuminate\\Database\\Connection->statement()
#5 /www/wwwroot/pklsm3k/vendor/laravel/framework/src/Illuminate/Database/Schema/Builder.php(439): Illuminate\\Database\\Schema\\Blueprint->build()
#6 /www/wwwroot/pklsm3k/vendor/laravel/framework/src/Illuminate/Database/Schema/Builder.php(281): Illuminate\\Database\\Schema\\Builder->build()
#7 /www/wwwroot/pklsm3k/vendor/laravel/framework/src/Illuminate/Support/Facades/Facade.php(338): Illuminate\\Database\\Schema\\Builder->create()
#8 /www/wwwroot/pklsm3k/database/migrations/2024_03_02_062118_sspkl copy 2.php(16): Illuminate\\Support\\Facades\\Facade::__callStatic()
#9 /www/wwwroot/pklsm3k/vendor/laravel/framework/src/Illuminate/Database/Migrations/Migrator.php(488): Illuminate\\Database\\Migrations\\Migration@anonymous->up()
#10 /www/wwwroot/pklsm3k/vendor/laravel/framework/src/Illuminate/Database/Migrations/Migrator.php(406): Illuminate\\Database\\Migrations\\Migrator->runMethod()
#11 /www/wwwroot/pklsm3k/vendor/laravel/framework/src/Illuminate/Database/Migrations/Migrator.php(415): Illuminate\\Database\\Migrations\\Migrator->Illuminate\\Database\\Migrations\\{closure}()
#12 /www/wwwroot/pklsm3k/vendor/laravel/framework/src/Illuminate/Database/Migrations/Migrator.php(216): Illuminate\\Database\\Migrations\\Migrator->runMigration()
#13 /www/wwwroot/pklsm3k/vendor/laravel/framework/src/Illuminate/Console/View/Components/Task.php(37): Illuminate\\Database\\Migrations\\Migrator->Illuminate\\Database\\Migrations\\{closure}()
#14 /www/wwwroot/pklsm3k/vendor/laravel/framework/src/Illuminate/Database/Migrations/Migrator.php(751): Illuminate\\Console\\View\\Components\\Task->render()
#15 /www/wwwroot/pklsm3k/vendor/laravel/framework/src/Illuminate/Database/Migrations/Migrator.php(216): Illuminate\\Database\\Migrations\\Migrator->write()
#16 /www/wwwroot/pklsm3k/vendor/laravel/framework/src/Illuminate/Database/Migrations/Migrator.php(181): Illuminate\\Database\\Migrations\\Migrator->runUp()
#17 /www/wwwroot/pklsm3k/vendor/laravel/framework/src/Illuminate/Database/Migrations/Migrator.php(124): Illuminate\\Database\\Migrations\\Migrator->runPending()
#18 /www/wwwroot/pklsm3k/vendor/laravel/framework/src/Illuminate/Database/Console/Migrations/MigrateCommand.php(88): Illuminate\\Database\\Migrations\\Migrator->run()
#19 /www/wwwroot/pklsm3k/vendor/laravel/framework/src/Illuminate/Database/Migrations/Migrator.php(628): Illuminate\\Database\\Console\\Migrations\\MigrateCommand->Illuminate\\Database\\Console\\Migrations\\{closure}()
#20 /www/wwwroot/pklsm3k/vendor/laravel/framework/src/Illuminate/Database/Console/Migrations/MigrateCommand.php(81): Illuminate\\Database\\Migrations\\Migrator->usingConnection()
#21 /www/wwwroot/pklsm3k/vendor/laravel/framework/src/Illuminate/Container/BoundMethod.php(36): Illuminate\\Database\\Console\\Migrations\\MigrateCommand->handle()
#22 /www/wwwroot/pklsm3k/vendor/laravel/framework/src/Illuminate/Container/Util.php(41): Illuminate\\Container\\BoundMethod::Illuminate\\Container\\{closure}()
#23 /www/wwwroot/pklsm3k/vendor/laravel/framework/src/Illuminate/Container/BoundMethod.php(93): Illuminate\\Container\\Util::unwrapIfClosure()
#24 /www/wwwroot/pklsm3k/vendor/laravel/framework/src/Illuminate/Container/BoundMethod.php(35): Illuminate\\Container\\BoundMethod::callBoundMethod()
#25 /www/wwwroot/pklsm3k/vendor/laravel/framework/src/Illuminate/Container/Container.php(661): Illuminate\\Container\\BoundMethod::call()
#26 /www/wwwroot/pklsm3k/vendor/laravel/framework/src/Illuminate/Console/Command.php(183): Illuminate\\Container\\Container->call()
#27 /www/wwwroot/pklsm3k/vendor/symfony/console/Command/Command.php(291): Illuminate\\Console\\Command->execute()
#28 /www/wwwroot/pklsm3k/vendor/laravel/framework/src/Illuminate/Console/Command.php(152): Symfony\\Component\\Console\\Command\\Command->run()
#29 /www/wwwroot/pklsm3k/vendor/symfony/console/Application.php(1014): Illuminate\\Console\\Command->run()
#30 /www/wwwroot/pklsm3k/vendor/symfony/console/Application.php(301): Symfony\\Component\\Console\\Application->doRunCommand()
#31 /www/wwwroot/pklsm3k/vendor/symfony/console/Application.php(171): Symfony\\Component\\Console\\Application->doRun()
#32 /www/wwwroot/pklsm3k/vendor/laravel/framework/src/Illuminate/Console/Application.php(102): Symfony\\Component\\Console\\Application->run()
#33 /www/wwwroot/pklsm3k/vendor/laravel/framework/src/Illuminate/Foundation/Console/Kernel.php(155): Illuminate\\Console\\Application->run()
#34 /www/wwwroot/pklsm3k/artisan(35): Illuminate\\Foundation\\Console\\Kernel->handle()
#35 {main}
"} 
[2025-06-23 11:13:35] production.ERROR: file_put_contents(/www/wwwroot/pklsm3k/4_web_technologies/storage/framework/sessions/e1v0VXeqQPx47a2WNRcNVNtHjcxBB7XQSnwMxo6z): Failed to open stream: No such file or directory {"exception":"[object] (ErrorException(code: 0): file_put_contents(/www/wwwroot/pklsm3k/4_web_technologies/storage/framework/sessions/e1v0VXeqQPx47a2WNRcNVNtHjcxBB7XQSnwMxo6z): Failed to open stream: No such file or directory at /www/wwwroot/pklsm3k/vendor/laravel/framework/src/Illuminate/Filesystem/Filesystem.php:190)
[stacktrace]
#0 /www/wwwroot/pklsm3k/vendor/laravel/framework/src/Illuminate/Foundation/Bootstrap/HandleExceptions.php(270): Illuminate\\Foundation\\Bootstrap\\HandleExceptions->handleError()
#1 [internal function]: Illuminate\\Foundation\\Bootstrap\\HandleExceptions->Illuminate\\Foundation\\Bootstrap\\{closure}()
#2 /www/wwwroot/pklsm3k/vendor/laravel/framework/src/Illuminate/Filesystem/Filesystem.php(190): file_put_contents()
#3 /www/wwwroot/pklsm3k/vendor/laravel/framework/src/Illuminate/Session/FileSessionHandler.php(90): Illuminate\\Filesystem\\Filesystem->put()
#4 /www/wwwroot/pklsm3k/vendor/laravel/framework/src/Illuminate/Session/Store.php(172): Illuminate\\Session\\FileSessionHandler->write()
#5 /www/wwwroot/pklsm3k/vendor/laravel/framework/src/Illuminate/Session/Middleware/StartSession.php(238): Illuminate\\Session\\Store->save()
#6 /www/wwwroot/pklsm3k/vendor/laravel/framework/src/Illuminate/Session/Middleware/StartSession.php(130): Illuminate\\Session\\Middleware\\StartSession->saveSession()
#7 /www/wwwroot/pklsm3k/vendor/laravel/framework/src/Illuminate/Session/Middleware/StartSession.php(64): Illuminate\\Session\\Middleware\\StartSession->handleStatefulRequest()
#8 /www/wwwroot/pklsm3k/vendor/laravel/framework/src/Illuminate/Pipeline/Pipeline.php(180): Illuminate\\Session\\Middleware\\StartSession->handle()
#9 /www/wwwroot/pklsm3k/vendor/laravel/framework/src/Illuminate/Cookie/Middleware/AddQueuedCookiesToResponse.php(37): Illuminate\\Pipeline\\Pipeline->Illuminate\\Pipeline\\{closure}()
#10 /www/wwwroot/pklsm3k/vendor/laravel/framework/src/Illuminate/Pipeline/Pipeline.php(180): Illuminate\\Cookie\\Middleware\\AddQueuedCookiesToResponse->handle()
#11 /www/wwwroot/pklsm3k/vendor/laravel/framework/src/Illuminate/Cookie/Middleware/EncryptCookies.php(67): Illuminate\\Pipeline\\Pipeline->Illuminate\\Pipeline\\{closure}()
#12 /www/wwwroot/pklsm3k/vendor/laravel/framework/src/Illuminate/Pipeline/Pipeline.php(180): Illuminate\\Cookie\\Middleware\\EncryptCookies->handle()
#13 /www/wwwroot/pklsm3k/vendor/laravel/framework/src/Illuminate/Pipeline/Pipeline.php(116): Illuminate\\Pipeline\\Pipeline->Illuminate\\Pipeline\\{closure}()
#14 /www/wwwroot/pklsm3k/vendor/laravel/framework/src/Illuminate/Routing/Router.php(797): Illuminate\\Pipeline\\Pipeline->then()
#15 /www/wwwroot/pklsm3k/vendor/laravel/framework/src/Illuminate/Routing/Router.php(776): Illuminate\\Routing\\Router->runRouteWithinStack()
#16 /www/wwwroot/pklsm3k/vendor/laravel/framework/src/Illuminate/Routing/Router.php(740): Illuminate\\Routing\\Router->runRoute()
#17 /www/wwwroot/pklsm3k/vendor/laravel/framework/src/Illuminate/Routing/Router.php(729): Illuminate\\Routing\\Router->dispatchToRoute()
#18 /www/wwwroot/pklsm3k/vendor/laravel/framework/src/Illuminate/Foundation/Http/Kernel.php(190): Illuminate\\Routing\\Router->dispatch()
#19 /www/wwwroot/pklsm3k/vendor/laravel/framework/src/Illuminate/Pipeline/Pipeline.php(141): Illuminate\\Foundation\\Http\\Kernel->Illuminate\\Foundation\\Http\\{closure}()
#20 /www/wwwroot/pklsm3k/vendor/litespeed/lscache-laravel/src/LSCacheMiddleware.php(21): Illuminate\\Pipeline\\Pipeline->Illuminate\\Pipeline\\{closure}()
#21 /www/wwwroot/pklsm3k/vendor/laravel/framework/src/Illuminate/Pipeline/Pipeline.php(180): Litespeed\\LSCache\\LSCacheMiddleware->handle()
#22 /www/wwwroot/pklsm3k/vendor/laravel/framework/src/Illuminate/Foundation/Http/Middleware/TransformsRequest.php(21): Illuminate\\Pipeline\\Pipeline->Illuminate\\Pipeline\\{closure}()
#23 /www/wwwroot/pklsm3k/vendor/laravel/framework/src/Illuminate/Foundation/Http/Middleware/ConvertEmptyStringsToNull.php(31): Illuminate\\Foundation\\Http\\Middleware\\TransformsRequest->handle()
#24 /www/wwwroot/pklsm3k/vendor/laravel/framework/src/Illuminate/Pipeline/Pipeline.php(180): Illuminate\\Foundation\\Http\\Middleware\\ConvertEmptyStringsToNull->handle()
#25 /www/wwwroot/pklsm3k/vendor/laravel/framework/src/Illuminate/Foundation/Http/Middleware/TransformsRequest.php(21): Illuminate\\Pipeline\\Pipeline->Illuminate\\Pipeline\\{closure}()
#26 /www/wwwroot/pklsm3k/vendor/laravel/framework/src/Illuminate/Foundation/Http/Middleware/TrimStrings.php(40): Illuminate\\Foundation\\Http\\Middleware\\TransformsRequest->handle()
#27 /www/wwwroot/pklsm3k/vendor/laravel/framework/src/Illuminate/Pipeline/Pipeline.php(180): Illuminate\\Foundation\\Http\\Middleware\\TrimStrings->handle()
#28 /www/wwwroot/pklsm3k/vendor/laravel/framework/src/Illuminate/Foundation/Http/Middleware/ValidatePostSize.php(27): Illuminate\\Pipeline\\Pipeline->Illuminate\\Pipeline\\{closure}()
#29 /www/wwwroot/pklsm3k/vendor/laravel/framework/src/Illuminate/Pipeline/Pipeline.php(180): Illuminate\\Foundation\\Http\\Middleware\\ValidatePostSize->handle()
#30 /www/wwwroot/pklsm3k/vendor/laravel/framework/src/Illuminate/Foundation/Http/Middleware/PreventRequestsDuringMaintenance.php(86): Illuminate\\Pipeline\\Pipeline->Illuminate\\Pipeline\\{closure}()
#31 /www/wwwroot/pklsm3k/vendor/laravel/framework/src/Illuminate/Pipeline/Pipeline.php(180): Illuminate\\Foundation\\Http\\Middleware\\PreventRequestsDuringMaintenance->handle()
#32 /www/wwwroot/pklsm3k/vendor/laravel/framework/src/Illuminate/Http/Middleware/HandleCors.php(49): Illuminate\\Pipeline\\Pipeline->Illuminate\\Pipeline\\{closure}()
#33 /www/wwwroot/pklsm3k/vendor/laravel/framework/src/Illuminate/Pipeline/Pipeline.php(180): Illuminate\\Http\\Middleware\\HandleCors->handle()
#34 /www/wwwroot/pklsm3k/vendor/laravel/framework/src/Illuminate/Http/Middleware/TrustProxies.php(39): Illuminate\\Pipeline\\Pipeline->Illuminate\\Pipeline\\{closure}()
#35 /www/wwwroot/pklsm3k/vendor/laravel/framework/src/Illuminate/Pipeline/Pipeline.php(180): Illuminate\\Http\\Middleware\\TrustProxies->handle()
#36 /www/wwwroot/pklsm3k/vendor/laravel/framework/src/Illuminate/Pipeline/Pipeline.php(116): Illuminate\\Pipeline\\Pipeline->Illuminate\\Pipeline\\{closure}()
#37 /www/wwwroot/pklsm3k/vendor/laravel/framework/src/Illuminate/Foundation/Http/Kernel.php(165): Illuminate\\Pipeline\\Pipeline->then()
#38 /www/wwwroot/pklsm3k/vendor/laravel/framework/src/Illuminate/Foundation/Http/Kernel.php(134): Illuminate\\Foundation\\Http\\Kernel->sendRequestThroughRouter()
#39 /www/wwwroot/pklsm3k/public/index.php(51): Illuminate\\Foundation\\Http\\Kernel->handle()
#40 {main}
"} 
[2025-06-23 11:13:54] production.ERROR: file_put_contents(/www/wwwroot/pklsm3k/4_web_technologies/storage/framework/sessions/GB58n5NFuvHk2j3tydLWbPxuwQdBmyLmvSFQV5dx): Failed to open stream: No such file or directory {"exception":"[object] (ErrorException(code: 0): file_put_contents(/www/wwwroot/pklsm3k/4_web_technologies/storage/framework/sessions/GB58n5NFuvHk2j3tydLWbPxuwQdBmyLmvSFQV5dx): Failed to open stream: No such file or directory at /www/wwwroot/pklsm3k/vendor/laravel/framework/src/Illuminate/Filesystem/Filesystem.php:190)
[stacktrace]
#0 /www/wwwroot/pklsm3k/vendor/laravel/framework/src/Illuminate/Foundation/Bootstrap/HandleExceptions.php(270): Illuminate\\Foundation\\Bootstrap\\HandleExceptions->handleError()
#1 [internal function]: Illuminate\\Foundation\\Bootstrap\\HandleExceptions->Illuminate\\Foundation\\Bootstrap\\{closure}()
#2 /www/wwwroot/pklsm3k/vendor/laravel/framework/src/Illuminate/Filesystem/Filesystem.php(190): file_put_contents()
#3 /www/wwwroot/pklsm3k/vendor/laravel/framework/src/Illuminate/Session/FileSessionHandler.php(90): Illuminate\\Filesystem\\Filesystem->put()
#4 /www/wwwroot/pklsm3k/vendor/laravel/framework/src/Illuminate/Session/Store.php(172): Illuminate\\Session\\FileSessionHandler->write()
#5 /www/wwwroot/pklsm3k/vendor/laravel/framework/src/Illuminate/Session/Middleware/StartSession.php(238): Illuminate\\Session\\Store->save()
#6 /www/wwwroot/pklsm3k/vendor/laravel/framework/src/Illuminate/Session/Middleware/StartSession.php(130): Illuminate\\Session\\Middleware\\StartSession->saveSession()
#7 /www/wwwroot/pklsm3k/vendor/laravel/framework/src/Illuminate/Session/Middleware/StartSession.php(64): Illuminate\\Session\\Middleware\\StartSession->handleStatefulRequest()
#8 /www/wwwroot/pklsm3k/vendor/laravel/framework/src/Illuminate/Pipeline/Pipeline.php(180): Illuminate\\Session\\Middleware\\StartSession->handle()
#9 /www/wwwroot/pklsm3k/vendor/laravel/framework/src/Illuminate/Cookie/Middleware/AddQueuedCookiesToResponse.php(37): Illuminate\\Pipeline\\Pipeline->Illuminate\\Pipeline\\{closure}()
#10 /www/wwwroot/pklsm3k/vendor/laravel/framework/src/Illuminate/Pipeline/Pipeline.php(180): Illuminate\\Cookie\\Middleware\\AddQueuedCookiesToResponse->handle()
#11 /www/wwwroot/pklsm3k/vendor/laravel/framework/src/Illuminate/Cookie/Middleware/EncryptCookies.php(67): Illuminate\\Pipeline\\Pipeline->Illuminate\\Pipeline\\{closure}()
#12 /www/wwwroot/pklsm3k/vendor/laravel/framework/src/Illuminate/Pipeline/Pipeline.php(180): Illuminate\\Cookie\\Middleware\\EncryptCookies->handle()
#13 /www/wwwroot/pklsm3k/vendor/laravel/framework/src/Illuminate/Pipeline/Pipeline.php(116): Illuminate\\Pipeline\\Pipeline->Illuminate\\Pipeline\\{closure}()
#14 /www/wwwroot/pklsm3k/vendor/laravel/framework/src/Illuminate/Routing/Router.php(797): Illuminate\\Pipeline\\Pipeline->then()
#15 /www/wwwroot/pklsm3k/vendor/laravel/framework/src/Illuminate/Routing/Router.php(776): Illuminate\\Routing\\Router->runRouteWithinStack()
#16 /www/wwwroot/pklsm3k/vendor/laravel/framework/src/Illuminate/Routing/Router.php(740): Illuminate\\Routing\\Router->runRoute()
#17 /www/wwwroot/pklsm3k/vendor/laravel/framework/src/Illuminate/Routing/Router.php(729): Illuminate\\Routing\\Router->dispatchToRoute()
#18 /www/wwwroot/pklsm3k/vendor/laravel/framework/src/Illuminate/Foundation/Http/Kernel.php(190): Illuminate\\Routing\\Router->dispatch()
#19 /www/wwwroot/pklsm3k/vendor/laravel/framework/src/Illuminate/Pipeline/Pipeline.php(141): Illuminate\\Foundation\\Http\\Kernel->Illuminate\\Foundation\\Http\\{closure}()
#20 /www/wwwroot/pklsm3k/vendor/litespeed/lscache-laravel/src/LSCacheMiddleware.php(21): Illuminate\\Pipeline\\Pipeline->Illuminate\\Pipeline\\{closure}()
#21 /www/wwwroot/pklsm3k/vendor/laravel/framework/src/Illuminate/Pipeline/Pipeline.php(180): Litespeed\\LSCache\\LSCacheMiddleware->handle()
#22 /www/wwwroot/pklsm3k/vendor/laravel/framework/src/Illuminate/Foundation/Http/Middleware/TransformsRequest.php(21): Illuminate\\Pipeline\\Pipeline->Illuminate\\Pipeline\\{closure}()
#23 /www/wwwroot/pklsm3k/vendor/laravel/framework/src/Illuminate/Foundation/Http/Middleware/ConvertEmptyStringsToNull.php(31): Illuminate\\Foundation\\Http\\Middleware\\TransformsRequest->handle()
#24 /www/wwwroot/pklsm3k/vendor/laravel/framework/src/Illuminate/Pipeline/Pipeline.php(180): Illuminate\\Foundation\\Http\\Middleware\\ConvertEmptyStringsToNull->handle()
#25 /www/wwwroot/pklsm3k/vendor/laravel/framework/src/Illuminate/Foundation/Http/Middleware/TransformsRequest.php(21): Illuminate\\Pipeline\\Pipeline->Illuminate\\Pipeline\\{closure}()
#26 /www/wwwroot/pklsm3k/vendor/laravel/framework/src/Illuminate/Foundation/Http/Middleware/TrimStrings.php(40): Illuminate\\Foundation\\Http\\Middleware\\TransformsRequest->handle()
#27 /www/wwwroot/pklsm3k/vendor/laravel/framework/src/Illuminate/Pipeline/Pipeline.php(180): Illuminate\\Foundation\\Http\\Middleware\\TrimStrings->handle()
#28 /www/wwwroot/pklsm3k/vendor/laravel/framework/src/Illuminate/Foundation/Http/Middleware/ValidatePostSize.php(27): Illuminate\\Pipeline\\Pipeline->Illuminate\\Pipeline\\{closure}()
#29 /www/wwwroot/pklsm3k/vendor/laravel/framework/src/Illuminate/Pipeline/Pipeline.php(180): Illuminate\\Foundation\\Http\\Middleware\\ValidatePostSize->handle()
#30 /www/wwwroot/pklsm3k/vendor/laravel/framework/src/Illuminate/Foundation/Http/Middleware/PreventRequestsDuringMaintenance.php(86): Illuminate\\Pipeline\\Pipeline->Illuminate\\Pipeline\\{closure}()
#31 /www/wwwroot/pklsm3k/vendor/laravel/framework/src/Illuminate/Pipeline/Pipeline.php(180): Illuminate\\Foundation\\Http\\Middleware\\PreventRequestsDuringMaintenance->handle()
#32 /www/wwwroot/pklsm3k/vendor/laravel/framework/src/Illuminate/Http/Middleware/HandleCors.php(49): Illuminate\\Pipeline\\Pipeline->Illuminate\\Pipeline\\{closure}()
#33 /www/wwwroot/pklsm3k/vendor/laravel/framework/src/Illuminate/Pipeline/Pipeline.php(180): Illuminate\\Http\\Middleware\\HandleCors->handle()
#34 /www/wwwroot/pklsm3k/vendor/laravel/framework/src/Illuminate/Http/Middleware/TrustProxies.php(39): Illuminate\\Pipeline\\Pipeline->Illuminate\\Pipeline\\{closure}()
#35 /www/wwwroot/pklsm3k/vendor/laravel/framework/src/Illuminate/Pipeline/Pipeline.php(180): Illuminate\\Http\\Middleware\\TrustProxies->handle()
#36 /www/wwwroot/pklsm3k/vendor/laravel/framework/src/Illuminate/Pipeline/Pipeline.php(116): Illuminate\\Pipeline\\Pipeline->Illuminate\\Pipeline\\{closure}()
#37 /www/wwwroot/pklsm3k/vendor/laravel/framework/src/Illuminate/Foundation/Http/Kernel.php(165): Illuminate\\Pipeline\\Pipeline->then()
#38 /www/wwwroot/pklsm3k/vendor/laravel/framework/src/Illuminate/Foundation/Http/Kernel.php(134): Illuminate\\Foundation\\Http\\Kernel->sendRequestThroughRouter()
#39 /www/wwwroot/pklsm3k/public/index.php(51): Illuminate\\Foundation\\Http\\Kernel->handle()
#40 {main}
"} 
[2025-06-23 11:16:28] production.ERROR: file_put_contents(/www/wwwroot/pklsm3k/4_web_technologies/storage/framework/sessions/dyfBlFoWWRUGksZN9XjnzIPB5TquPu0nUJEwJacj): Failed to open stream: No such file or directory {"exception":"[object] (ErrorException(code: 0): file_put_contents(/www/wwwroot/pklsm3k/4_web_technologies/storage/framework/sessions/dyfBlFoWWRUGksZN9XjnzIPB5TquPu0nUJEwJacj): Failed to open stream: No such file or directory at /www/wwwroot/pklsm3k/vendor/laravel/framework/src/Illuminate/Filesystem/Filesystem.php:190)
[stacktrace]
#0 /www/wwwroot/pklsm3k/vendor/laravel/framework/src/Illuminate/Foundation/Bootstrap/HandleExceptions.php(270): Illuminate\\Foundation\\Bootstrap\\HandleExceptions->handleError()
#1 [internal function]: Illuminate\\Foundation\\Bootstrap\\HandleExceptions->Illuminate\\Foundation\\Bootstrap\\{closure}()
#2 /www/wwwroot/pklsm3k/vendor/laravel/framework/src/Illuminate/Filesystem/Filesystem.php(190): file_put_contents()
#3 /www/wwwroot/pklsm3k/vendor/laravel/framework/src/Illuminate/Session/FileSessionHandler.php(90): Illuminate\\Filesystem\\Filesystem->put()
#4 /www/wwwroot/pklsm3k/vendor/laravel/framework/src/Illuminate/Session/Store.php(172): Illuminate\\Session\\FileSessionHandler->write()
#5 /www/wwwroot/pklsm3k/vendor/laravel/framework/src/Illuminate/Session/Middleware/StartSession.php(238): Illuminate\\Session\\Store->save()
#6 /www/wwwroot/pklsm3k/vendor/laravel/framework/src/Illuminate/Session/Middleware/StartSession.php(130): Illuminate\\Session\\Middleware\\StartSession->saveSession()
#7 /www/wwwroot/pklsm3k/vendor/laravel/framework/src/Illuminate/Session/Middleware/StartSession.php(64): Illuminate\\Session\\Middleware\\StartSession->handleStatefulRequest()
#8 /www/wwwroot/pklsm3k/vendor/laravel/framework/src/Illuminate/Pipeline/Pipeline.php(180): Illuminate\\Session\\Middleware\\StartSession->handle()
#9 /www/wwwroot/pklsm3k/vendor/laravel/framework/src/Illuminate/Cookie/Middleware/AddQueuedCookiesToResponse.php(37): Illuminate\\Pipeline\\Pipeline->Illuminate\\Pipeline\\{closure}()
#10 /www/wwwroot/pklsm3k/vendor/laravel/framework/src/Illuminate/Pipeline/Pipeline.php(180): Illuminate\\Cookie\\Middleware\\AddQueuedCookiesToResponse->handle()
#11 /www/wwwroot/pklsm3k/vendor/laravel/framework/src/Illuminate/Cookie/Middleware/EncryptCookies.php(67): Illuminate\\Pipeline\\Pipeline->Illuminate\\Pipeline\\{closure}()
#12 /www/wwwroot/pklsm3k/vendor/laravel/framework/src/Illuminate/Pipeline/Pipeline.php(180): Illuminate\\Cookie\\Middleware\\EncryptCookies->handle()
#13 /www/wwwroot/pklsm3k/vendor/laravel/framework/src/Illuminate/Pipeline/Pipeline.php(116): Illuminate\\Pipeline\\Pipeline->Illuminate\\Pipeline\\{closure}()
#14 /www/wwwroot/pklsm3k/vendor/laravel/framework/src/Illuminate/Routing/Router.php(797): Illuminate\\Pipeline\\Pipeline->then()
#15 /www/wwwroot/pklsm3k/vendor/laravel/framework/src/Illuminate/Routing/Router.php(776): Illuminate\\Routing\\Router->runRouteWithinStack()
#16 /www/wwwroot/pklsm3k/vendor/laravel/framework/src/Illuminate/Routing/Router.php(740): Illuminate\\Routing\\Router->runRoute()
#17 /www/wwwroot/pklsm3k/vendor/laravel/framework/src/Illuminate/Routing/Router.php(729): Illuminate\\Routing\\Router->dispatchToRoute()
#18 /www/wwwroot/pklsm3k/vendor/laravel/framework/src/Illuminate/Foundation/Http/Kernel.php(190): Illuminate\\Routing\\Router->dispatch()
#19 /www/wwwroot/pklsm3k/vendor/laravel/framework/src/Illuminate/Pipeline/Pipeline.php(141): Illuminate\\Foundation\\Http\\Kernel->Illuminate\\Foundation\\Http\\{closure}()
#20 /www/wwwroot/pklsm3k/vendor/litespeed/lscache-laravel/src/LSCacheMiddleware.php(21): Illuminate\\Pipeline\\Pipeline->Illuminate\\Pipeline\\{closure}()
#21 /www/wwwroot/pklsm3k/vendor/laravel/framework/src/Illuminate/Pipeline/Pipeline.php(180): Litespeed\\LSCache\\LSCacheMiddleware->handle()
#22 /www/wwwroot/pklsm3k/vendor/laravel/framework/src/Illuminate/Foundation/Http/Middleware/TransformsRequest.php(21): Illuminate\\Pipeline\\Pipeline->Illuminate\\Pipeline\\{closure}()
#23 /www/wwwroot/pklsm3k/vendor/laravel/framework/src/Illuminate/Foundation/Http/Middleware/ConvertEmptyStringsToNull.php(31): Illuminate\\Foundation\\Http\\Middleware\\TransformsRequest->handle()
#24 /www/wwwroot/pklsm3k/vendor/laravel/framework/src/Illuminate/Pipeline/Pipeline.php(180): Illuminate\\Foundation\\Http\\Middleware\\ConvertEmptyStringsToNull->handle()
#25 /www/wwwroot/pklsm3k/vendor/laravel/framework/src/Illuminate/Foundation/Http/Middleware/TransformsRequest.php(21): Illuminate\\Pipeline\\Pipeline->Illuminate\\Pipeline\\{closure}()
#26 /www/wwwroot/pklsm3k/vendor/laravel/framework/src/Illuminate/Foundation/Http/Middleware/TrimStrings.php(40): Illuminate\\Foundation\\Http\\Middleware\\TransformsRequest->handle()
#27 /www/wwwroot/pklsm3k/vendor/laravel/framework/src/Illuminate/Pipeline/Pipeline.php(180): Illuminate\\Foundation\\Http\\Middleware\\TrimStrings->handle()
#28 /www/wwwroot/pklsm3k/vendor/laravel/framework/src/Illuminate/Foundation/Http/Middleware/ValidatePostSize.php(27): Illuminate\\Pipeline\\Pipeline->Illuminate\\Pipeline\\{closure}()
#29 /www/wwwroot/pklsm3k/vendor/laravel/framework/src/Illuminate/Pipeline/Pipeline.php(180): Illuminate\\Foundation\\Http\\Middleware\\ValidatePostSize->handle()
#30 /www/wwwroot/pklsm3k/vendor/laravel/framework/src/Illuminate/Foundation/Http/Middleware/PreventRequestsDuringMaintenance.php(86): Illuminate\\Pipeline\\Pipeline->Illuminate\\Pipeline\\{closure}()
#31 /www/wwwroot/pklsm3k/vendor/laravel/framework/src/Illuminate/Pipeline/Pipeline.php(180): Illuminate\\Foundation\\Http\\Middleware\\PreventRequestsDuringMaintenance->handle()
#32 /www/wwwroot/pklsm3k/vendor/laravel/framework/src/Illuminate/Http/Middleware/HandleCors.php(49): Illuminate\\Pipeline\\Pipeline->Illuminate\\Pipeline\\{closure}()
#33 /www/wwwroot/pklsm3k/vendor/laravel/framework/src/Illuminate/Pipeline/Pipeline.php(180): Illuminate\\Http\\Middleware\\HandleCors->handle()
#34 /www/wwwroot/pklsm3k/vendor/laravel/framework/src/Illuminate/Http/Middleware/TrustProxies.php(39): Illuminate\\Pipeline\\Pipeline->Illuminate\\Pipeline\\{closure}()
#35 /www/wwwroot/pklsm3k/vendor/laravel/framework/src/Illuminate/Pipeline/Pipeline.php(180): Illuminate\\Http\\Middleware\\TrustProxies->handle()
#36 /www/wwwroot/pklsm3k/vendor/laravel/framework/src/Illuminate/Pipeline/Pipeline.php(116): Illuminate\\Pipeline\\Pipeline->Illuminate\\Pipeline\\{closure}()
#37 /www/wwwroot/pklsm3k/vendor/laravel/framework/src/Illuminate/Foundation/Http/Kernel.php(165): Illuminate\\Pipeline\\Pipeline->then()
#38 /www/wwwroot/pklsm3k/vendor/laravel/framework/src/Illuminate/Foundation/Http/Kernel.php(134): Illuminate\\Foundation\\Http\\Kernel->sendRequestThroughRouter()
#39 /www/wwwroot/pklsm3k/public/index.php(51): Illuminate\\Foundation\\Http\\Kernel->handle()
#40 {main}
"} 
[2025-06-23 11:17:56] production.ERROR: file_put_contents(/www/wwwroot/pklsm3k/4_web_technologies/storage/framework/sessions/L57Z6lTOwL5NRHYEB3168YSU31zcmtG6rnB1six5): Failed to open stream: No such file or directory {"exception":"[object] (ErrorException(code: 0): file_put_contents(/www/wwwroot/pklsm3k/4_web_technologies/storage/framework/sessions/L57Z6lTOwL5NRHYEB3168YSU31zcmtG6rnB1six5): Failed to open stream: No such file or directory at /www/wwwroot/pklsm3k/vendor/laravel/framework/src/Illuminate/Filesystem/Filesystem.php:190)
[stacktrace]
#0 /www/wwwroot/pklsm3k/vendor/laravel/framework/src/Illuminate/Foundation/Bootstrap/HandleExceptions.php(270): Illuminate\\Foundation\\Bootstrap\\HandleExceptions->handleError()
#1 [internal function]: Illuminate\\Foundation\\Bootstrap\\HandleExceptions->Illuminate\\Foundation\\Bootstrap\\{closure}()
#2 /www/wwwroot/pklsm3k/vendor/laravel/framework/src/Illuminate/Filesystem/Filesystem.php(190): file_put_contents()
#3 /www/wwwroot/pklsm3k/vendor/laravel/framework/src/Illuminate/Session/FileSessionHandler.php(90): Illuminate\\Filesystem\\Filesystem->put()
#4 /www/wwwroot/pklsm3k/vendor/laravel/framework/src/Illuminate/Session/Store.php(172): Illuminate\\Session\\FileSessionHandler->write()
#5 /www/wwwroot/pklsm3k/vendor/laravel/framework/src/Illuminate/Session/Middleware/StartSession.php(238): Illuminate\\Session\\Store->save()
#6 /www/wwwroot/pklsm3k/vendor/laravel/framework/src/Illuminate/Session/Middleware/StartSession.php(130): Illuminate\\Session\\Middleware\\StartSession->saveSession()
#7 /www/wwwroot/pklsm3k/vendor/laravel/framework/src/Illuminate/Session/Middleware/StartSession.php(64): Illuminate\\Session\\Middleware\\StartSession->handleStatefulRequest()
#8 /www/wwwroot/pklsm3k/vendor/laravel/framework/src/Illuminate/Pipeline/Pipeline.php(180): Illuminate\\Session\\Middleware\\StartSession->handle()
#9 /www/wwwroot/pklsm3k/vendor/laravel/framework/src/Illuminate/Cookie/Middleware/AddQueuedCookiesToResponse.php(37): Illuminate\\Pipeline\\Pipeline->Illuminate\\Pipeline\\{closure}()
#10 /www/wwwroot/pklsm3k/vendor/laravel/framework/src/Illuminate/Pipeline/Pipeline.php(180): Illuminate\\Cookie\\Middleware\\AddQueuedCookiesToResponse->handle()
#11 /www/wwwroot/pklsm3k/vendor/laravel/framework/src/Illuminate/Cookie/Middleware/EncryptCookies.php(67): Illuminate\\Pipeline\\Pipeline->Illuminate\\Pipeline\\{closure}()
#12 /www/wwwroot/pklsm3k/vendor/laravel/framework/src/Illuminate/Pipeline/Pipeline.php(180): Illuminate\\Cookie\\Middleware\\EncryptCookies->handle()
#13 /www/wwwroot/pklsm3k/vendor/laravel/framework/src/Illuminate/Pipeline/Pipeline.php(116): Illuminate\\Pipeline\\Pipeline->Illuminate\\Pipeline\\{closure}()
#14 /www/wwwroot/pklsm3k/vendor/laravel/framework/src/Illuminate/Routing/Router.php(797): Illuminate\\Pipeline\\Pipeline->then()
#15 /www/wwwroot/pklsm3k/vendor/laravel/framework/src/Illuminate/Routing/Router.php(776): Illuminate\\Routing\\Router->runRouteWithinStack()
#16 /www/wwwroot/pklsm3k/vendor/laravel/framework/src/Illuminate/Routing/Router.php(740): Illuminate\\Routing\\Router->runRoute()
#17 /www/wwwroot/pklsm3k/vendor/laravel/framework/src/Illuminate/Routing/Router.php(729): Illuminate\\Routing\\Router->dispatchToRoute()
#18 /www/wwwroot/pklsm3k/vendor/laravel/framework/src/Illuminate/Foundation/Http/Kernel.php(190): Illuminate\\Routing\\Router->dispatch()
#19 /www/wwwroot/pklsm3k/vendor/laravel/framework/src/Illuminate/Pipeline/Pipeline.php(141): Illuminate\\Foundation\\Http\\Kernel->Illuminate\\Foundation\\Http\\{closure}()
#20 /www/wwwroot/pklsm3k/vendor/litespeed/lscache-laravel/src/LSCacheMiddleware.php(21): Illuminate\\Pipeline\\Pipeline->Illuminate\\Pipeline\\{closure}()
#21 /www/wwwroot/pklsm3k/vendor/laravel/framework/src/Illuminate/Pipeline/Pipeline.php(180): Litespeed\\LSCache\\LSCacheMiddleware->handle()
#22 /www/wwwroot/pklsm3k/vendor/laravel/framework/src/Illuminate/Foundation/Http/Middleware/TransformsRequest.php(21): Illuminate\\Pipeline\\Pipeline->Illuminate\\Pipeline\\{closure}()
#23 /www/wwwroot/pklsm3k/vendor/laravel/framework/src/Illuminate/Foundation/Http/Middleware/ConvertEmptyStringsToNull.php(31): Illuminate\\Foundation\\Http\\Middleware\\TransformsRequest->handle()
#24 /www/wwwroot/pklsm3k/vendor/laravel/framework/src/Illuminate/Pipeline/Pipeline.php(180): Illuminate\\Foundation\\Http\\Middleware\\ConvertEmptyStringsToNull->handle()
#25 /www/wwwroot/pklsm3k/vendor/laravel/framework/src/Illuminate/Foundation/Http/Middleware/TransformsRequest.php(21): Illuminate\\Pipeline\\Pipeline->Illuminate\\Pipeline\\{closure}()
#26 /www/wwwroot/pklsm3k/vendor/laravel/framework/src/Illuminate/Foundation/Http/Middleware/TrimStrings.php(40): Illuminate\\Foundation\\Http\\Middleware\\TransformsRequest->handle()
#27 /www/wwwroot/pklsm3k/vendor/laravel/framework/src/Illuminate/Pipeline/Pipeline.php(180): Illuminate\\Foundation\\Http\\Middleware\\TrimStrings->handle()
#28 /www/wwwroot/pklsm3k/vendor/laravel/framework/src/Illuminate/Foundation/Http/Middleware/ValidatePostSize.php(27): Illuminate\\Pipeline\\Pipeline->Illuminate\\Pipeline\\{closure}()
#29 /www/wwwroot/pklsm3k/vendor/laravel/framework/src/Illuminate/Pipeline/Pipeline.php(180): Illuminate\\Foundation\\Http\\Middleware\\ValidatePostSize->handle()
#30 /www/wwwroot/pklsm3k/vendor/laravel/framework/src/Illuminate/Foundation/Http/Middleware/PreventRequestsDuringMaintenance.php(86): Illuminate\\Pipeline\\Pipeline->Illuminate\\Pipeline\\{closure}()
#31 /www/wwwroot/pklsm3k/vendor/laravel/framework/src/Illuminate/Pipeline/Pipeline.php(180): Illuminate\\Foundation\\Http\\Middleware\\PreventRequestsDuringMaintenance->handle()
#32 /www/wwwroot/pklsm3k/vendor/laravel/framework/src/Illuminate/Http/Middleware/HandleCors.php(49): Illuminate\\Pipeline\\Pipeline->Illuminate\\Pipeline\\{closure}()
#33 /www/wwwroot/pklsm3k/vendor/laravel/framework/src/Illuminate/Pipeline/Pipeline.php(180): Illuminate\\Http\\Middleware\\HandleCors->handle()
#34 /www/wwwroot/pklsm3k/vendor/laravel/framework/src/Illuminate/Http/Middleware/TrustProxies.php(39): Illuminate\\Pipeline\\Pipeline->Illuminate\\Pipeline\\{closure}()
#35 /www/wwwroot/pklsm3k/vendor/laravel/framework/src/Illuminate/Pipeline/Pipeline.php(180): Illuminate\\Http\\Middleware\\TrustProxies->handle()
#36 /www/wwwroot/pklsm3k/vendor/laravel/framework/src/Illuminate/Pipeline/Pipeline.php(116): Illuminate\\Pipeline\\Pipeline->Illuminate\\Pipeline\\{closure}()
#37 /www/wwwroot/pklsm3k/vendor/laravel/framework/src/Illuminate/Foundation/Http/Kernel.php(165): Illuminate\\Pipeline\\Pipeline->then()
#38 /www/wwwroot/pklsm3k/vendor/laravel/framework/src/Illuminate/Foundation/Http/Kernel.php(134): Illuminate\\Foundation\\Http\\Kernel->sendRequestThroughRouter()
#39 /www/wwwroot/pklsm3k/public/index.php(51): Illuminate\\Foundation\\Http\\Kernel->handle()
#40 {main}
"} 
[2025-06-23 11:18:06] production.ERROR: file_put_contents(/www/wwwroot/pklsm3k/4_web_technologies/storage/framework/sessions/GnwINnZzJTEoUmPTc8Mdbooun25SHjhu3bmSwl58): Failed to open stream: No such file or directory {"exception":"[object] (ErrorException(code: 0): file_put_contents(/www/wwwroot/pklsm3k/4_web_technologies/storage/framework/sessions/GnwINnZzJTEoUmPTc8Mdbooun25SHjhu3bmSwl58): Failed to open stream: No such file or directory at /www/wwwroot/pklsm3k/vendor/laravel/framework/src/Illuminate/Filesystem/Filesystem.php:190)
[stacktrace]
#0 /www/wwwroot/pklsm3k/vendor/laravel/framework/src/Illuminate/Foundation/Bootstrap/HandleExceptions.php(270): Illuminate\\Foundation\\Bootstrap\\HandleExceptions->handleError()
#1 [internal function]: Illuminate\\Foundation\\Bootstrap\\HandleExceptions->Illuminate\\Foundation\\Bootstrap\\{closure}()
#2 /www/wwwroot/pklsm3k/vendor/laravel/framework/src/Illuminate/Filesystem/Filesystem.php(190): file_put_contents()
#3 /www/wwwroot/pklsm3k/vendor/laravel/framework/src/Illuminate/Session/FileSessionHandler.php(90): Illuminate\\Filesystem\\Filesystem->put()
#4 /www/wwwroot/pklsm3k/vendor/laravel/framework/src/Illuminate/Session/Store.php(172): Illuminate\\Session\\FileSessionHandler->write()
#5 /www/wwwroot/pklsm3k/vendor/laravel/framework/src/Illuminate/Session/Middleware/StartSession.php(238): Illuminate\\Session\\Store->save()
#6 /www/wwwroot/pklsm3k/vendor/laravel/framework/src/Illuminate/Session/Middleware/StartSession.php(130): Illuminate\\Session\\Middleware\\StartSession->saveSession()
#7 /www/wwwroot/pklsm3k/vendor/laravel/framework/src/Illuminate/Session/Middleware/StartSession.php(64): Illuminate\\Session\\Middleware\\StartSession->handleStatefulRequest()
#8 /www/wwwroot/pklsm3k/vendor/laravel/framework/src/Illuminate/Pipeline/Pipeline.php(180): Illuminate\\Session\\Middleware\\StartSession->handle()
#9 /www/wwwroot/pklsm3k/vendor/laravel/framework/src/Illuminate/Cookie/Middleware/AddQueuedCookiesToResponse.php(37): Illuminate\\Pipeline\\Pipeline->Illuminate\\Pipeline\\{closure}()
#10 /www/wwwroot/pklsm3k/vendor/laravel/framework/src/Illuminate/Pipeline/Pipeline.php(180): Illuminate\\Cookie\\Middleware\\AddQueuedCookiesToResponse->handle()
#11 /www/wwwroot/pklsm3k/vendor/laravel/framework/src/Illuminate/Cookie/Middleware/EncryptCookies.php(67): Illuminate\\Pipeline\\Pipeline->Illuminate\\Pipeline\\{closure}()
#12 /www/wwwroot/pklsm3k/vendor/laravel/framework/src/Illuminate/Pipeline/Pipeline.php(180): Illuminate\\Cookie\\Middleware\\EncryptCookies->handle()
#13 /www/wwwroot/pklsm3k/vendor/laravel/framework/src/Illuminate/Pipeline/Pipeline.php(116): Illuminate\\Pipeline\\Pipeline->Illuminate\\Pipeline\\{closure}()
#14 /www/wwwroot/pklsm3k/vendor/laravel/framework/src/Illuminate/Routing/Router.php(797): Illuminate\\Pipeline\\Pipeline->then()
#15 /www/wwwroot/pklsm3k/vendor/laravel/framework/src/Illuminate/Routing/Router.php(776): Illuminate\\Routing\\Router->runRouteWithinStack()
#16 /www/wwwroot/pklsm3k/vendor/laravel/framework/src/Illuminate/Routing/Router.php(740): Illuminate\\Routing\\Router->runRoute()
#17 /www/wwwroot/pklsm3k/vendor/laravel/framework/src/Illuminate/Routing/Router.php(729): Illuminate\\Routing\\Router->dispatchToRoute()
#18 /www/wwwroot/pklsm3k/vendor/laravel/framework/src/Illuminate/Foundation/Http/Kernel.php(190): Illuminate\\Routing\\Router->dispatch()
#19 /www/wwwroot/pklsm3k/vendor/laravel/framework/src/Illuminate/Pipeline/Pipeline.php(141): Illuminate\\Foundation\\Http\\Kernel->Illuminate\\Foundation\\Http\\{closure}()
#20 /www/wwwroot/pklsm3k/vendor/litespeed/lscache-laravel/src/LSCacheMiddleware.php(21): Illuminate\\Pipeline\\Pipeline->Illuminate\\Pipeline\\{closure}()
#21 /www/wwwroot/pklsm3k/vendor/laravel/framework/src/Illuminate/Pipeline/Pipeline.php(180): Litespeed\\LSCache\\LSCacheMiddleware->handle()
#22 /www/wwwroot/pklsm3k/vendor/laravel/framework/src/Illuminate/Foundation/Http/Middleware/TransformsRequest.php(21): Illuminate\\Pipeline\\Pipeline->Illuminate\\Pipeline\\{closure}()
#23 /www/wwwroot/pklsm3k/vendor/laravel/framework/src/Illuminate/Foundation/Http/Middleware/ConvertEmptyStringsToNull.php(31): Illuminate\\Foundation\\Http\\Middleware\\TransformsRequest->handle()
#24 /www/wwwroot/pklsm3k/vendor/laravel/framework/src/Illuminate/Pipeline/Pipeline.php(180): Illuminate\\Foundation\\Http\\Middleware\\ConvertEmptyStringsToNull->handle()
#25 /www/wwwroot/pklsm3k/vendor/laravel/framework/src/Illuminate/Foundation/Http/Middleware/TransformsRequest.php(21): Illuminate\\Pipeline\\Pipeline->Illuminate\\Pipeline\\{closure}()
#26 /www/wwwroot/pklsm3k/vendor/laravel/framework/src/Illuminate/Foundation/Http/Middleware/TrimStrings.php(40): Illuminate\\Foundation\\Http\\Middleware\\TransformsRequest->handle()
#27 /www/wwwroot/pklsm3k/vendor/laravel/framework/src/Illuminate/Pipeline/Pipeline.php(180): Illuminate\\Foundation\\Http\\Middleware\\TrimStrings->handle()
#28 /www/wwwroot/pklsm3k/vendor/laravel/framework/src/Illuminate/Foundation/Http/Middleware/ValidatePostSize.php(27): Illuminate\\Pipeline\\Pipeline->Illuminate\\Pipeline\\{closure}()
#29 /www/wwwroot/pklsm3k/vendor/laravel/framework/src/Illuminate/Pipeline/Pipeline.php(180): Illuminate\\Foundation\\Http\\Middleware\\ValidatePostSize->handle()
#30 /www/wwwroot/pklsm3k/vendor/laravel/framework/src/Illuminate/Foundation/Http/Middleware/PreventRequestsDuringMaintenance.php(86): Illuminate\\Pipeline\\Pipeline->Illuminate\\Pipeline\\{closure}()
#31 /www/wwwroot/pklsm3k/vendor/laravel/framework/src/Illuminate/Pipeline/Pipeline.php(180): Illuminate\\Foundation\\Http\\Middleware\\PreventRequestsDuringMaintenance->handle()
#32 /www/wwwroot/pklsm3k/vendor/laravel/framework/src/Illuminate/Http/Middleware/HandleCors.php(49): Illuminate\\Pipeline\\Pipeline->Illuminate\\Pipeline\\{closure}()
#33 /www/wwwroot/pklsm3k/vendor/laravel/framework/src/Illuminate/Pipeline/Pipeline.php(180): Illuminate\\Http\\Middleware\\HandleCors->handle()
#34 /www/wwwroot/pklsm3k/vendor/laravel/framework/src/Illuminate/Http/Middleware/TrustProxies.php(39): Illuminate\\Pipeline\\Pipeline->Illuminate\\Pipeline\\{closure}()
#35 /www/wwwroot/pklsm3k/vendor/laravel/framework/src/Illuminate/Pipeline/Pipeline.php(180): Illuminate\\Http\\Middleware\\TrustProxies->handle()
#36 /www/wwwroot/pklsm3k/vendor/laravel/framework/src/Illuminate/Pipeline/Pipeline.php(116): Illuminate\\Pipeline\\Pipeline->Illuminate\\Pipeline\\{closure}()
#37 /www/wwwroot/pklsm3k/vendor/laravel/framework/src/Illuminate/Foundation/Http/Kernel.php(165): Illuminate\\Pipeline\\Pipeline->then()
#38 /www/wwwroot/pklsm3k/vendor/laravel/framework/src/Illuminate/Foundation/Http/Kernel.php(134): Illuminate\\Foundation\\Http\\Kernel->sendRequestThroughRouter()
#39 /www/wwwroot/pklsm3k/public/index.php(51): Illuminate\\Foundation\\Http\\Kernel->handle()
#40 {main}
"} 
[2025-06-23 11:20:15] production.ERROR: file_put_contents(/www/wwwroot/pklsm3k/4_web_technologies/storage/framework/sessions/pUkYu7CFRMGD3XF6baHqdCSxniUDSKwdXc2qOjSP): Failed to open stream: No such file or directory {"exception":"[object] (ErrorException(code: 0): file_put_contents(/www/wwwroot/pklsm3k/4_web_technologies/storage/framework/sessions/pUkYu7CFRMGD3XF6baHqdCSxniUDSKwdXc2qOjSP): Failed to open stream: No such file or directory at /www/wwwroot/pklsm3k/vendor/laravel/framework/src/Illuminate/Filesystem/Filesystem.php:190)
[stacktrace]
#0 /www/wwwroot/pklsm3k/vendor/laravel/framework/src/Illuminate/Foundation/Bootstrap/HandleExceptions.php(270): Illuminate\\Foundation\\Bootstrap\\HandleExceptions->handleError()
#1 [internal function]: Illuminate\\Foundation\\Bootstrap\\HandleExceptions->Illuminate\\Foundation\\Bootstrap\\{closure}()
#2 /www/wwwroot/pklsm3k/vendor/laravel/framework/src/Illuminate/Filesystem/Filesystem.php(190): file_put_contents()
#3 /www/wwwroot/pklsm3k/vendor/laravel/framework/src/Illuminate/Session/FileSessionHandler.php(90): Illuminate\\Filesystem\\Filesystem->put()
#4 /www/wwwroot/pklsm3k/vendor/laravel/framework/src/Illuminate/Session/Store.php(172): Illuminate\\Session\\FileSessionHandler->write()
#5 /www/wwwroot/pklsm3k/vendor/laravel/framework/src/Illuminate/Session/Middleware/StartSession.php(238): Illuminate\\Session\\Store->save()
#6 /www/wwwroot/pklsm3k/vendor/laravel/framework/src/Illuminate/Session/Middleware/StartSession.php(130): Illuminate\\Session\\Middleware\\StartSession->saveSession()
#7 /www/wwwroot/pklsm3k/vendor/laravel/framework/src/Illuminate/Session/Middleware/StartSession.php(64): Illuminate\\Session\\Middleware\\StartSession->handleStatefulRequest()
#8 /www/wwwroot/pklsm3k/vendor/laravel/framework/src/Illuminate/Pipeline/Pipeline.php(180): Illuminate\\Session\\Middleware\\StartSession->handle()
#9 /www/wwwroot/pklsm3k/vendor/laravel/framework/src/Illuminate/Cookie/Middleware/AddQueuedCookiesToResponse.php(37): Illuminate\\Pipeline\\Pipeline->Illuminate\\Pipeline\\{closure}()
#10 /www/wwwroot/pklsm3k/vendor/laravel/framework/src/Illuminate/Pipeline/Pipeline.php(180): Illuminate\\Cookie\\Middleware\\AddQueuedCookiesToResponse->handle()
#11 /www/wwwroot/pklsm3k/vendor/laravel/framework/src/Illuminate/Cookie/Middleware/EncryptCookies.php(67): Illuminate\\Pipeline\\Pipeline->Illuminate\\Pipeline\\{closure}()
#12 /www/wwwroot/pklsm3k/vendor/laravel/framework/src/Illuminate/Pipeline/Pipeline.php(180): Illuminate\\Cookie\\Middleware\\EncryptCookies->handle()
#13 /www/wwwroot/pklsm3k/vendor/laravel/framework/src/Illuminate/Pipeline/Pipeline.php(116): Illuminate\\Pipeline\\Pipeline->Illuminate\\Pipeline\\{closure}()
#14 /www/wwwroot/pklsm3k/vendor/laravel/framework/src/Illuminate/Routing/Router.php(797): Illuminate\\Pipeline\\Pipeline->then()
#15 /www/wwwroot/pklsm3k/vendor/laravel/framework/src/Illuminate/Routing/Router.php(776): Illuminate\\Routing\\Router->runRouteWithinStack()
#16 /www/wwwroot/pklsm3k/vendor/laravel/framework/src/Illuminate/Routing/Router.php(740): Illuminate\\Routing\\Router->runRoute()
#17 /www/wwwroot/pklsm3k/vendor/laravel/framework/src/Illuminate/Routing/Router.php(729): Illuminate\\Routing\\Router->dispatchToRoute()
#18 /www/wwwroot/pklsm3k/vendor/laravel/framework/src/Illuminate/Foundation/Http/Kernel.php(190): Illuminate\\Routing\\Router->dispatch()
#19 /www/wwwroot/pklsm3k/vendor/laravel/framework/src/Illuminate/Pipeline/Pipeline.php(141): Illuminate\\Foundation\\Http\\Kernel->Illuminate\\Foundation\\Http\\{closure}()
#20 /www/wwwroot/pklsm3k/vendor/litespeed/lscache-laravel/src/LSCacheMiddleware.php(21): Illuminate\\Pipeline\\Pipeline->Illuminate\\Pipeline\\{closure}()
#21 /www/wwwroot/pklsm3k/vendor/laravel/framework/src/Illuminate/Pipeline/Pipeline.php(180): Litespeed\\LSCache\\LSCacheMiddleware->handle()
#22 /www/wwwroot/pklsm3k/vendor/laravel/framework/src/Illuminate/Foundation/Http/Middleware/TransformsRequest.php(21): Illuminate\\Pipeline\\Pipeline->Illuminate\\Pipeline\\{closure}()
#23 /www/wwwroot/pklsm3k/vendor/laravel/framework/src/Illuminate/Foundation/Http/Middleware/ConvertEmptyStringsToNull.php(31): Illuminate\\Foundation\\Http\\Middleware\\TransformsRequest->handle()
#24 /www/wwwroot/pklsm3k/vendor/laravel/framework/src/Illuminate/Pipeline/Pipeline.php(180): Illuminate\\Foundation\\Http\\Middleware\\ConvertEmptyStringsToNull->handle()
#25 /www/wwwroot/pklsm3k/vendor/laravel/framework/src/Illuminate/Foundation/Http/Middleware/TransformsRequest.php(21): Illuminate\\Pipeline\\Pipeline->Illuminate\\Pipeline\\{closure}()
#26 /www/wwwroot/pklsm3k/vendor/laravel/framework/src/Illuminate/Foundation/Http/Middleware/TrimStrings.php(40): Illuminate\\Foundation\\Http\\Middleware\\TransformsRequest->handle()
#27 /www/wwwroot/pklsm3k/vendor/laravel/framework/src/Illuminate/Pipeline/Pipeline.php(180): Illuminate\\Foundation\\Http\\Middleware\\TrimStrings->handle()
#28 /www/wwwroot/pklsm3k/vendor/laravel/framework/src/Illuminate/Foundation/Http/Middleware/ValidatePostSize.php(27): Illuminate\\Pipeline\\Pipeline->Illuminate\\Pipeline\\{closure}()
#29 /www/wwwroot/pklsm3k/vendor/laravel/framework/src/Illuminate/Pipeline/Pipeline.php(180): Illuminate\\Foundation\\Http\\Middleware\\ValidatePostSize->handle()
#30 /www/wwwroot/pklsm3k/vendor/laravel/framework/src/Illuminate/Foundation/Http/Middleware/PreventRequestsDuringMaintenance.php(86): Illuminate\\Pipeline\\Pipeline->Illuminate\\Pipeline\\{closure}()
#31 /www/wwwroot/pklsm3k/vendor/laravel/framework/src/Illuminate/Pipeline/Pipeline.php(180): Illuminate\\Foundation\\Http\\Middleware\\PreventRequestsDuringMaintenance->handle()
#32 /www/wwwroot/pklsm3k/vendor/laravel/framework/src/Illuminate/Http/Middleware/HandleCors.php(49): Illuminate\\Pipeline\\Pipeline->Illuminate\\Pipeline\\{closure}()
#33 /www/wwwroot/pklsm3k/vendor/laravel/framework/src/Illuminate/Pipeline/Pipeline.php(180): Illuminate\\Http\\Middleware\\HandleCors->handle()
#34 /www/wwwroot/pklsm3k/vendor/laravel/framework/src/Illuminate/Http/Middleware/TrustProxies.php(39): Illuminate\\Pipeline\\Pipeline->Illuminate\\Pipeline\\{closure}()
#35 /www/wwwroot/pklsm3k/vendor/laravel/framework/src/Illuminate/Pipeline/Pipeline.php(180): Illuminate\\Http\\Middleware\\TrustProxies->handle()
#36 /www/wwwroot/pklsm3k/vendor/laravel/framework/src/Illuminate/Pipeline/Pipeline.php(116): Illuminate\\Pipeline\\Pipeline->Illuminate\\Pipeline\\{closure}()
#37 /www/wwwroot/pklsm3k/vendor/laravel/framework/src/Illuminate/Foundation/Http/Kernel.php(165): Illuminate\\Pipeline\\Pipeline->then()
#38 /www/wwwroot/pklsm3k/vendor/laravel/framework/src/Illuminate/Foundation/Http/Kernel.php(134): Illuminate\\Foundation\\Http\\Kernel->sendRequestThroughRouter()
#39 /www/wwwroot/pklsm3k/public/index.php(51): Illuminate\\Foundation\\Http\\Kernel->handle()
#40 {main}
"} 
[2025-06-23 11:20:20] production.ERROR: file_put_contents(/www/wwwroot/pklsm3k/4_web_technologies/storage/framework/sessions/2FRHmY8yW8WRpZk08jqe2egJbn1QacPZ46I984yX): Failed to open stream: No such file or directory {"exception":"[object] (ErrorException(code: 0): file_put_contents(/www/wwwroot/pklsm3k/4_web_technologies/storage/framework/sessions/2FRHmY8yW8WRpZk08jqe2egJbn1QacPZ46I984yX): Failed to open stream: No such file or directory at /www/wwwroot/pklsm3k/vendor/laravel/framework/src/Illuminate/Filesystem/Filesystem.php:190)
[stacktrace]
#0 /www/wwwroot/pklsm3k/vendor/laravel/framework/src/Illuminate/Foundation/Bootstrap/HandleExceptions.php(270): Illuminate\\Foundation\\Bootstrap\\HandleExceptions->handleError()
#1 [internal function]: Illuminate\\Foundation\\Bootstrap\\HandleExceptions->Illuminate\\Foundation\\Bootstrap\\{closure}()
#2 /www/wwwroot/pklsm3k/vendor/laravel/framework/src/Illuminate/Filesystem/Filesystem.php(190): file_put_contents()
#3 /www/wwwroot/pklsm3k/vendor/laravel/framework/src/Illuminate/Session/FileSessionHandler.php(90): Illuminate\\Filesystem\\Filesystem->put()
#4 /www/wwwroot/pklsm3k/vendor/laravel/framework/src/Illuminate/Session/Store.php(172): Illuminate\\Session\\FileSessionHandler->write()
#5 /www/wwwroot/pklsm3k/vendor/laravel/framework/src/Illuminate/Session/Middleware/StartSession.php(238): Illuminate\\Session\\Store->save()
#6 /www/wwwroot/pklsm3k/vendor/laravel/framework/src/Illuminate/Session/Middleware/StartSession.php(130): Illuminate\\Session\\Middleware\\StartSession->saveSession()
#7 /www/wwwroot/pklsm3k/vendor/laravel/framework/src/Illuminate/Session/Middleware/StartSession.php(64): Illuminate\\Session\\Middleware\\StartSession->handleStatefulRequest()
#8 /www/wwwroot/pklsm3k/vendor/laravel/framework/src/Illuminate/Pipeline/Pipeline.php(180): Illuminate\\Session\\Middleware\\StartSession->handle()
#9 /www/wwwroot/pklsm3k/vendor/laravel/framework/src/Illuminate/Cookie/Middleware/AddQueuedCookiesToResponse.php(37): Illuminate\\Pipeline\\Pipeline->Illuminate\\Pipeline\\{closure}()
#10 /www/wwwroot/pklsm3k/vendor/laravel/framework/src/Illuminate/Pipeline/Pipeline.php(180): Illuminate\\Cookie\\Middleware\\AddQueuedCookiesToResponse->handle()
#11 /www/wwwroot/pklsm3k/vendor/laravel/framework/src/Illuminate/Cookie/Middleware/EncryptCookies.php(67): Illuminate\\Pipeline\\Pipeline->Illuminate\\Pipeline\\{closure}()
#12 /www/wwwroot/pklsm3k/vendor/laravel/framework/src/Illuminate/Pipeline/Pipeline.php(180): Illuminate\\Cookie\\Middleware\\EncryptCookies->handle()
#13 /www/wwwroot/pklsm3k/vendor/laravel/framework/src/Illuminate/Pipeline/Pipeline.php(116): Illuminate\\Pipeline\\Pipeline->Illuminate\\Pipeline\\{closure}()
#14 /www/wwwroot/pklsm3k/vendor/laravel/framework/src/Illuminate/Routing/Router.php(797): Illuminate\\Pipeline\\Pipeline->then()
#15 /www/wwwroot/pklsm3k/vendor/laravel/framework/src/Illuminate/Routing/Router.php(776): Illuminate\\Routing\\Router->runRouteWithinStack()
#16 /www/wwwroot/pklsm3k/vendor/laravel/framework/src/Illuminate/Routing/Router.php(740): Illuminate\\Routing\\Router->runRoute()
#17 /www/wwwroot/pklsm3k/vendor/laravel/framework/src/Illuminate/Routing/Router.php(729): Illuminate\\Routing\\Router->dispatchToRoute()
#18 /www/wwwroot/pklsm3k/vendor/laravel/framework/src/Illuminate/Foundation/Http/Kernel.php(190): Illuminate\\Routing\\Router->dispatch()
#19 /www/wwwroot/pklsm3k/vendor/laravel/framework/src/Illuminate/Pipeline/Pipeline.php(141): Illuminate\\Foundation\\Http\\Kernel->Illuminate\\Foundation\\Http\\{closure}()
#20 /www/wwwroot/pklsm3k/vendor/litespeed/lscache-laravel/src/LSCacheMiddleware.php(21): Illuminate\\Pipeline\\Pipeline->Illuminate\\Pipeline\\{closure}()
#21 /www/wwwroot/pklsm3k/vendor/laravel/framework/src/Illuminate/Pipeline/Pipeline.php(180): Litespeed\\LSCache\\LSCacheMiddleware->handle()
#22 /www/wwwroot/pklsm3k/vendor/laravel/framework/src/Illuminate/Foundation/Http/Middleware/TransformsRequest.php(21): Illuminate\\Pipeline\\Pipeline->Illuminate\\Pipeline\\{closure}()
#23 /www/wwwroot/pklsm3k/vendor/laravel/framework/src/Illuminate/Foundation/Http/Middleware/ConvertEmptyStringsToNull.php(31): Illuminate\\Foundation\\Http\\Middleware\\TransformsRequest->handle()
#24 /www/wwwroot/pklsm3k/vendor/laravel/framework/src/Illuminate/Pipeline/Pipeline.php(180): Illuminate\\Foundation\\Http\\Middleware\\ConvertEmptyStringsToNull->handle()
#25 /www/wwwroot/pklsm3k/vendor/laravel/framework/src/Illuminate/Foundation/Http/Middleware/TransformsRequest.php(21): Illuminate\\Pipeline\\Pipeline->Illuminate\\Pipeline\\{closure}()
#26 /www/wwwroot/pklsm3k/vendor/laravel/framework/src/Illuminate/Foundation/Http/Middleware/TrimStrings.php(40): Illuminate\\Foundation\\Http\\Middleware\\TransformsRequest->handle()
#27 /www/wwwroot/pklsm3k/vendor/laravel/framework/src/Illuminate/Pipeline/Pipeline.php(180): Illuminate\\Foundation\\Http\\Middleware\\TrimStrings->handle()
#28 /www/wwwroot/pklsm3k/vendor/laravel/framework/src/Illuminate/Foundation/Http/Middleware/ValidatePostSize.php(27): Illuminate\\Pipeline\\Pipeline->Illuminate\\Pipeline\\{closure}()
#29 /www/wwwroot/pklsm3k/vendor/laravel/framework/src/Illuminate/Pipeline/Pipeline.php(180): Illuminate\\Foundation\\Http\\Middleware\\ValidatePostSize->handle()
#30 /www/wwwroot/pklsm3k/vendor/laravel/framework/src/Illuminate/Foundation/Http/Middleware/PreventRequestsDuringMaintenance.php(86): Illuminate\\Pipeline\\Pipeline->Illuminate\\Pipeline\\{closure}()
#31 /www/wwwroot/pklsm3k/vendor/laravel/framework/src/Illuminate/Pipeline/Pipeline.php(180): Illuminate\\Foundation\\Http\\Middleware\\PreventRequestsDuringMaintenance->handle()
#32 /www/wwwroot/pklsm3k/vendor/laravel/framework/src/Illuminate/Http/Middleware/HandleCors.php(49): Illuminate\\Pipeline\\Pipeline->Illuminate\\Pipeline\\{closure}()
#33 /www/wwwroot/pklsm3k/vendor/laravel/framework/src/Illuminate/Pipeline/Pipeline.php(180): Illuminate\\Http\\Middleware\\HandleCors->handle()
#34 /www/wwwroot/pklsm3k/vendor/laravel/framework/src/Illuminate/Http/Middleware/TrustProxies.php(39): Illuminate\\Pipeline\\Pipeline->Illuminate\\Pipeline\\{closure}()
#35 /www/wwwroot/pklsm3k/vendor/laravel/framework/src/Illuminate/Pipeline/Pipeline.php(180): Illuminate\\Http\\Middleware\\TrustProxies->handle()
#36 /www/wwwroot/pklsm3k/vendor/laravel/framework/src/Illuminate/Pipeline/Pipeline.php(116): Illuminate\\Pipeline\\Pipeline->Illuminate\\Pipeline\\{closure}()
#37 /www/wwwroot/pklsm3k/vendor/laravel/framework/src/Illuminate/Foundation/Http/Kernel.php(165): Illuminate\\Pipeline\\Pipeline->then()
#38 /www/wwwroot/pklsm3k/vendor/laravel/framework/src/Illuminate/Foundation/Http/Kernel.php(134): Illuminate\\Foundation\\Http\\Kernel->sendRequestThroughRouter()
#39 /www/wwwroot/pklsm3k/public/index.php(51): Illuminate\\Foundation\\Http\\Kernel->handle()
#40 {main}
"} 
[2025-06-23 11:23:04] production.ERROR: file_put_contents(/www/wwwroot/pklsm3k/4_web_technologies/storage/framework/sessions/q9YxHUKY4aKmNbNsX8cgVEGTr6GsRMV9Wpq45KxW): Failed to open stream: No such file or directory {"exception":"[object] (ErrorException(code: 0): file_put_contents(/www/wwwroot/pklsm3k/4_web_technologies/storage/framework/sessions/q9YxHUKY4aKmNbNsX8cgVEGTr6GsRMV9Wpq45KxW): Failed to open stream: No such file or directory at /www/wwwroot/pklsm3k/vendor/laravel/framework/src/Illuminate/Filesystem/Filesystem.php:190)
[stacktrace]
#0 /www/wwwroot/pklsm3k/vendor/laravel/framework/src/Illuminate/Foundation/Bootstrap/HandleExceptions.php(270): Illuminate\\Foundation\\Bootstrap\\HandleExceptions->handleError()
#1 [internal function]: Illuminate\\Foundation\\Bootstrap\\HandleExceptions->Illuminate\\Foundation\\Bootstrap\\{closure}()
#2 /www/wwwroot/pklsm3k/vendor/laravel/framework/src/Illuminate/Filesystem/Filesystem.php(190): file_put_contents()
#3 /www/wwwroot/pklsm3k/vendor/laravel/framework/src/Illuminate/Session/FileSessionHandler.php(90): Illuminate\\Filesystem\\Filesystem->put()
#4 /www/wwwroot/pklsm3k/vendor/laravel/framework/src/Illuminate/Session/Store.php(172): Illuminate\\Session\\FileSessionHandler->write()
#5 /www/wwwroot/pklsm3k/vendor/laravel/framework/src/Illuminate/Session/Middleware/StartSession.php(238): Illuminate\\Session\\Store->save()
#6 /www/wwwroot/pklsm3k/vendor/laravel/framework/src/Illuminate/Session/Middleware/StartSession.php(130): Illuminate\\Session\\Middleware\\StartSession->saveSession()
#7 /www/wwwroot/pklsm3k/vendor/laravel/framework/src/Illuminate/Session/Middleware/StartSession.php(64): Illuminate\\Session\\Middleware\\StartSession->handleStatefulRequest()
#8 /www/wwwroot/pklsm3k/vendor/laravel/framework/src/Illuminate/Pipeline/Pipeline.php(180): Illuminate\\Session\\Middleware\\StartSession->handle()
#9 /www/wwwroot/pklsm3k/vendor/laravel/framework/src/Illuminate/Cookie/Middleware/AddQueuedCookiesToResponse.php(37): Illuminate\\Pipeline\\Pipeline->Illuminate\\Pipeline\\{closure}()
#10 /www/wwwroot/pklsm3k/vendor/laravel/framework/src/Illuminate/Pipeline/Pipeline.php(180): Illuminate\\Cookie\\Middleware\\AddQueuedCookiesToResponse->handle()
#11 /www/wwwroot/pklsm3k/vendor/laravel/framework/src/Illuminate/Cookie/Middleware/EncryptCookies.php(67): Illuminate\\Pipeline\\Pipeline->Illuminate\\Pipeline\\{closure}()
#12 /www/wwwroot/pklsm3k/vendor/laravel/framework/src/Illuminate/Pipeline/Pipeline.php(180): Illuminate\\Cookie\\Middleware\\EncryptCookies->handle()
#13 /www/wwwroot/pklsm3k/vendor/laravel/framework/src/Illuminate/Pipeline/Pipeline.php(116): Illuminate\\Pipeline\\Pipeline->Illuminate\\Pipeline\\{closure}()
#14 /www/wwwroot/pklsm3k/vendor/laravel/framework/src/Illuminate/Routing/Router.php(797): Illuminate\\Pipeline\\Pipeline->then()
#15 /www/wwwroot/pklsm3k/vendor/laravel/framework/src/Illuminate/Routing/Router.php(776): Illuminate\\Routing\\Router->runRouteWithinStack()
#16 /www/wwwroot/pklsm3k/vendor/laravel/framework/src/Illuminate/Routing/Router.php(740): Illuminate\\Routing\\Router->runRoute()
#17 /www/wwwroot/pklsm3k/vendor/laravel/framework/src/Illuminate/Routing/Router.php(729): Illuminate\\Routing\\Router->dispatchToRoute()
#18 /www/wwwroot/pklsm3k/vendor/laravel/framework/src/Illuminate/Foundation/Http/Kernel.php(190): Illuminate\\Routing\\Router->dispatch()
#19 /www/wwwroot/pklsm3k/vendor/laravel/framework/src/Illuminate/Pipeline/Pipeline.php(141): Illuminate\\Foundation\\Http\\Kernel->Illuminate\\Foundation\\Http\\{closure}()
#20 /www/wwwroot/pklsm3k/vendor/litespeed/lscache-laravel/src/LSCacheMiddleware.php(21): Illuminate\\Pipeline\\Pipeline->Illuminate\\Pipeline\\{closure}()
#21 /www/wwwroot/pklsm3k/vendor/laravel/framework/src/Illuminate/Pipeline/Pipeline.php(180): Litespeed\\LSCache\\LSCacheMiddleware->handle()
#22 /www/wwwroot/pklsm3k/vendor/laravel/framework/src/Illuminate/Foundation/Http/Middleware/TransformsRequest.php(21): Illuminate\\Pipeline\\Pipeline->Illuminate\\Pipeline\\{closure}()
#23 /www/wwwroot/pklsm3k/vendor/laravel/framework/src/Illuminate/Foundation/Http/Middleware/ConvertEmptyStringsToNull.php(31): Illuminate\\Foundation\\Http\\Middleware\\TransformsRequest->handle()
#24 /www/wwwroot/pklsm3k/vendor/laravel/framework/src/Illuminate/Pipeline/Pipeline.php(180): Illuminate\\Foundation\\Http\\Middleware\\ConvertEmptyStringsToNull->handle()
#25 /www/wwwroot/pklsm3k/vendor/laravel/framework/src/Illuminate/Foundation/Http/Middleware/TransformsRequest.php(21): Illuminate\\Pipeline\\Pipeline->Illuminate\\Pipeline\\{closure}()
#26 /www/wwwroot/pklsm3k/vendor/laravel/framework/src/Illuminate/Foundation/Http/Middleware/TrimStrings.php(40): Illuminate\\Foundation\\Http\\Middleware\\TransformsRequest->handle()
#27 /www/wwwroot/pklsm3k/vendor/laravel/framework/src/Illuminate/Pipeline/Pipeline.php(180): Illuminate\\Foundation\\Http\\Middleware\\TrimStrings->handle()
#28 /www/wwwroot/pklsm3k/vendor/laravel/framework/src/Illuminate/Foundation/Http/Middleware/ValidatePostSize.php(27): Illuminate\\Pipeline\\Pipeline->Illuminate\\Pipeline\\{closure}()
#29 /www/wwwroot/pklsm3k/vendor/laravel/framework/src/Illuminate/Pipeline/Pipeline.php(180): Illuminate\\Foundation\\Http\\Middleware\\ValidatePostSize->handle()
#30 /www/wwwroot/pklsm3k/vendor/laravel/framework/src/Illuminate/Foundation/Http/Middleware/PreventRequestsDuringMaintenance.php(86): Illuminate\\Pipeline\\Pipeline->Illuminate\\Pipeline\\{closure}()
#31 /www/wwwroot/pklsm3k/vendor/laravel/framework/src/Illuminate/Pipeline/Pipeline.php(180): Illuminate\\Foundation\\Http\\Middleware\\PreventRequestsDuringMaintenance->handle()
#32 /www/wwwroot/pklsm3k/vendor/laravel/framework/src/Illuminate/Http/Middleware/HandleCors.php(49): Illuminate\\Pipeline\\Pipeline->Illuminate\\Pipeline\\{closure}()
#33 /www/wwwroot/pklsm3k/vendor/laravel/framework/src/Illuminate/Pipeline/Pipeline.php(180): Illuminate\\Http\\Middleware\\HandleCors->handle()
#34 /www/wwwroot/pklsm3k/vendor/laravel/framework/src/Illuminate/Http/Middleware/TrustProxies.php(39): Illuminate\\Pipeline\\Pipeline->Illuminate\\Pipeline\\{closure}()
#35 /www/wwwroot/pklsm3k/vendor/laravel/framework/src/Illuminate/Pipeline/Pipeline.php(180): Illuminate\\Http\\Middleware\\TrustProxies->handle()
#36 /www/wwwroot/pklsm3k/vendor/laravel/framework/src/Illuminate/Pipeline/Pipeline.php(116): Illuminate\\Pipeline\\Pipeline->Illuminate\\Pipeline\\{closure}()
#37 /www/wwwroot/pklsm3k/vendor/laravel/framework/src/Illuminate/Foundation/Http/Kernel.php(165): Illuminate\\Pipeline\\Pipeline->then()
#38 /www/wwwroot/pklsm3k/vendor/laravel/framework/src/Illuminate/Foundation/Http/Kernel.php(134): Illuminate\\Foundation\\Http\\Kernel->sendRequestThroughRouter()
#39 /www/wwwroot/pklsm3k/public/index.php(51): Illuminate\\Foundation\\Http\\Kernel->handle()
#40 {main}
"} 
